{"S:\\startup\\2.MiAyuda\\MiAyudaTics_v1.0\\server\\controllers\\ambienteFormacion.ts": {"path":"S:\\startup\\2.MiAyuda\\MiAyudaTics_v1.0\\server\\controllers\\ambienteFormacion.ts","statementMap":{"0":{"start":{"line":5,"column":26},"end":{"line":5,"column":null}},"1":{"start":{"line":7,"column":27},"end":{"line":12,"column":null}},"2":{"start":{"line":8,"column":2},"end":{"line":12,"column":null}},"3":{"start":{"line":9,"column":17},"end":{"line":9,"column":59}},"4":{"start":{"line":10,"column":4},"end":{"line":10,"column":null}},"5":{"start":{"line":12,"column":4},"end":{"line":12,"column":null}},"6":{"start":{"line":16,"column":29},"end":{"line":26,"column":null}},"7":{"start":{"line":17,"column":2},"end":{"line":26,"column":null}},"8":{"start":{"line":18,"column":19},"end":{"line":18,"column":null}},"9":{"start":{"line":19,"column":17},"end":{"line":19,"column":57}},"10":{"start":{"line":20,"column":4},"end":{"line":22,"column":null}},"11":{"start":{"line":21,"column":6},"end":{"line":21,"column":null}},"12":{"start":{"line":22,"column":6},"end":{"line":22,"column":null}},"13":{"start":{"line":24,"column":4},"end":{"line":24,"column":null}},"14":{"start":{"line":26,"column":4},"end":{"line":26,"column":null}},"15":{"start":{"line":30,"column":28},"end":{"line":36,"column":null}},"16":{"start":{"line":31,"column":19},"end":{"line":31,"column":null}},"17":{"start":{"line":32,"column":2},"end":{"line":36,"column":null}},"18":{"start":{"line":33,"column":17},"end":{"line":33,"column":49}},"19":{"start":{"line":34,"column":4},"end":{"line":34,"column":null}},"20":{"start":{"line":36,"column":4},"end":{"line":36,"column":null}},"21":{"start":{"line":40,"column":30},"end":{"line":55,"column":null}},"22":{"start":{"line":41,"column":21},"end":{"line":41,"column":null}},"23":{"start":{"line":42,"column":19},"end":{"line":42,"column":null}},"24":{"start":{"line":43,"column":2},"end":{"line":55,"column":null}},"25":{"start":{"line":44,"column":17},"end":{"line":47,"column":null}},"26":{"start":{"line":49,"column":4},"end":{"line":51,"column":null}},"27":{"start":{"line":50,"column":6},"end":{"line":50,"column":null}},"28":{"start":{"line":51,"column":6},"end":{"line":51,"column":null}},"29":{"start":{"line":53,"column":4},"end":{"line":53,"column":null}},"30":{"start":{"line":55,"column":4},"end":{"line":55,"column":null}},"31":{"start":{"line":59,"column":33},"end":{"line":73,"column":null}},"32":{"start":{"line":60,"column":21},"end":{"line":60,"column":null}},"33":{"start":{"line":61,"column":2},"end":{"line":73,"column":null}},"34":{"start":{"line":62,"column":17},"end":{"line":65,"column":null}},"35":{"start":{"line":67,"column":4},"end":{"line":69,"column":null}},"36":{"start":{"line":68,"column":6},"end":{"line":68,"column":null}},"37":{"start":{"line":69,"column":6},"end":{"line":69,"column":null}},"38":{"start":{"line":71,"column":4},"end":{"line":71,"column":null}},"39":{"start":{"line":73,"column":4},"end":{"line":73,"column":null}}},"fnMap":{"0":{"name":"(anonymous_0)","decl":{"start":{"line":7,"column":27},"end":{"line":7,"column":34}},"loc":{"start":{"line":7,"column":82},"end":{"line":12,"column":null}},"line":7},"1":{"name":"(anonymous_1)","decl":{"start":{"line":16,"column":29},"end":{"line":16,"column":36}},"loc":{"start":{"line":16,"column":83},"end":{"line":26,"column":null}},"line":16},"2":{"name":"(anonymous_2)","decl":{"start":{"line":30,"column":28},"end":{"line":30,"column":35}},"loc":{"start":{"line":30,"column":82},"end":{"line":36,"column":null}},"line":30},"3":{"name":"(anonymous_3)","decl":{"start":{"line":40,"column":30},"end":{"line":40,"column":37}},"loc":{"start":{"line":40,"column":84},"end":{"line":55,"column":null}},"line":40},"4":{"name":"(anonymous_4)","decl":{"start":{"line":59,"column":33},"end":{"line":59,"column":40}},"loc":{"start":{"line":59,"column":87},"end":{"line":73,"column":null}},"line":59}},"branchMap":{"0":{"loc":{"start":{"line":20,"column":4},"end":{"line":22,"column":null}},"type":"if","locations":[{"start":{"line":20,"column":4},"end":{"line":22,"column":null}},{"start":{},"end":{}}],"line":20},"1":{"loc":{"start":{"line":49,"column":4},"end":{"line":51,"column":null}},"type":"if","locations":[{"start":{"line":49,"column":4},"end":{"line":51,"column":null}},{"start":{},"end":{}}],"line":49},"2":{"loc":{"start":{"line":67,"column":4},"end":{"line":69,"column":null}},"type":"if","locations":[{"start":{"line":67,"column":4},"end":{"line":69,"column":null}},{"start":{},"end":{}}],"line":67}},"s":{"0":4,"1":4,"2":0,"3":0,"4":0,"5":0,"6":4,"7":0,"8":0,"9":0,"10":0,"11":0,"12":0,"13":0,"14":0,"15":4,"16":0,"17":0,"18":0,"19":0,"20":0,"21":4,"22":0,"23":0,"24":0,"25":0,"26":0,"27":0,"28":0,"29":0,"30":0,"31":4,"32":0,"33":0,"34":0,"35":0,"36":0,"37":0,"38":0,"39":0},"f":{"0":0,"1":0,"2":0,"3":0,"4":0},"b":{"0":[0,0],"1":[0,0],"2":[0,0]},"meta":{"lastBranch":3,"lastFunction":5,"lastStatement":40,"seen":{"s:5:26:5:Infinity":0,"s:7:27:12:Infinity":1,"f:7:27:7:34":0,"s:8:2:12:Infinity":2,"s:9:17:9:59":3,"s:10:4:10:Infinity":4,"s:12:4:12:Infinity":5,"s:16:29:26:Infinity":6,"f:16:29:16:36":1,"s:17:2:26:Infinity":7,"s:18:19:18:Infinity":8,"s:19:17:19:57":9,"b:20:4:22:Infinity:undefined:undefined:undefined:undefined":0,"s:20:4:22:Infinity":10,"s:21:6:21:Infinity":11,"s:22:6:22:Infinity":12,"s:24:4:24:Infinity":13,"s:26:4:26:Infinity":14,"s:30:28:36:Infinity":15,"f:30:28:30:35":2,"s:31:19:31:Infinity":16,"s:32:2:36:Infinity":17,"s:33:17:33:49":18,"s:34:4:34:Infinity":19,"s:36:4:36:Infinity":20,"s:40:30:55:Infinity":21,"f:40:30:40:37":3,"s:41:21:41:Infinity":22,"s:42:19:42:Infinity":23,"s:43:2:55:Infinity":24,"s:44:17:47:Infinity":25,"b:49:4:51:Infinity:undefined:undefined:undefined:undefined":1,"s:49:4:51:Infinity":26,"s:50:6:50:Infinity":27,"s:51:6:51:Infinity":28,"s:53:4:53:Infinity":29,"s:55:4:55:Infinity":30,"s:59:33:73:Infinity":31,"f:59:33:59:40":4,"s:60:21:60:Infinity":32,"s:61:2:73:Infinity":33,"s:62:17:65:Infinity":34,"b:67:4:69:Infinity:undefined:undefined:undefined:undefined":2,"s:67:4:69:Infinity":35,"s:68:6:68:Infinity":36,"s:69:6:69:Infinity":37,"s:71:4:71:Infinity":38,"s:73:4:73:Infinity":39}}}
,"S:\\startup\\2.MiAyuda\\MiAyudaTics_v1.0\\server\\controllers\\auth.ts": {"path":"S:\\startup\\2.MiAyuda\\MiAyudaTics_v1.0\\server\\controllers\\auth.ts","statementMap":{"0":{"start":{"line":8,"column":39},"end":{"line":8,"column":null}},"1":{"start":{"line":9,"column":19},"end":{"line":9,"column":null}},"2":{"start":{"line":13,"column":28},"end":{"line":68,"column":null}},"3":{"start":{"line":14,"column":2},"end":{"line":68,"column":null}},"4":{"start":{"line":15,"column":64},"end":{"line":15,"column":null}},"5":{"start":{"line":17,"column":4},"end":{"line":24,"column":null}},"6":{"start":{"line":18,"column":29},"end":{"line":18,"column":73}},"7":{"start":{"line":19,"column":6},"end":{"line":24,"column":null}},"8":{"start":{"line":20,"column":8},"end":{"line":23,"column":null}},"9":{"start":{"line":24,"column":8},"end":{"line":24,"column":null}},"10":{"start":{"line":28,"column":25},"end":{"line":28,"column":63}},"11":{"start":{"line":29,"column":4},"end":{"line":31,"column":null}},"12":{"start":{"line":30,"column":6},"end":{"line":30,"column":null}},"13":{"start":{"line":31,"column":6},"end":{"line":31,"column":null}},"14":{"start":{"line":34,"column":4},"end":{"line":36,"column":null}},"15":{"start":{"line":35,"column":6},"end":{"line":35,"column":null}},"16":{"start":{"line":36,"column":6},"end":{"line":36,"column":null}},"17":{"start":{"line":39,"column":25},"end":{"line":39,"column":48}},"18":{"start":{"line":40,"column":17},"end":{"line":40,"column":null}},"19":{"start":{"line":42,"column":22},"end":{"line":42,"column":87}},"20":{"start":{"line":43,"column":4},"end":{"line":45,"column":null}},"21":{"start":{"line":44,"column":6},"end":{"line":44,"column":null}},"22":{"start":{"line":45,"column":6},"end":{"line":45,"column":null}},"23":{"start":{"line":48,"column":21},"end":{"line":51,"column":null}},"24":{"start":{"line":53,"column":21},"end":{"line":53,"column":56}},"25":{"start":{"line":54,"column":4},"end":{"line":54,"column":null}},"26":{"start":{"line":56,"column":17},"end":{"line":59,"column":null}},"27":{"start":{"line":62,"column":6},"end":{"line":64,"column":null}},"28":{"start":{"line":66,"column":4},"end":{"line":66,"column":null}},"29":{"start":{"line":68,"column":4},"end":{"line":68,"column":null}},"30":{"start":{"line":72,"column":25},"end":{"line":124,"column":null}},"31":{"start":{"line":73,"column":2},"end":{"line":124,"column":null}},"32":{"start":{"line":74,"column":33},"end":{"line":74,"column":null}},"33":{"start":{"line":76,"column":17},"end":{"line":79,"column":30}},"34":{"start":{"line":81,"column":4},"end":{"line":83,"column":null}},"35":{"start":{"line":82,"column":6},"end":{"line":82,"column":null}},"36":{"start":{"line":83,"column":6},"end":{"line":83,"column":null}},"37":{"start":{"line":86,"column":4},"end":{"line":90,"column":null}},"38":{"start":{"line":87,"column":6},"end":{"line":89,"column":null}},"39":{"start":{"line":90,"column":6},"end":{"line":90,"column":null}},"40":{"start":{"line":93,"column":4},"end":{"line":97,"column":null}},"41":{"start":{"line":94,"column":6},"end":{"line":96,"column":null}},"42":{"start":{"line":97,"column":6},"end":{"line":97,"column":null}},"43":{"start":{"line":100,"column":25},"end":{"line":100,"column":null}},"44":{"start":{"line":101,"column":18},"end":{"line":101,"column":55}},"45":{"start":{"line":103,"column":4},"end":{"line":105,"column":null}},"46":{"start":{"line":104,"column":6},"end":{"line":104,"column":null}},"47":{"start":{"line":105,"column":6},"end":{"line":105,"column":null}},"48":{"start":{"line":108,"column":4},"end":{"line":108,"column":null}},"49":{"start":{"line":109,"column":18},"end":{"line":109,"column":39}},"50":{"start":{"line":110,"column":21},"end":{"line":110,"column":null}},"51":{"start":{"line":112,"column":4},"end":{"line":116,"column":null}},"52":{"start":{"line":118,"column":4},"end":{"line":118,"column":null}},"53":{"start":{"line":120,"column":16},"end":{"line":120,"column":null}},"54":{"start":{"line":121,"column":4},"end":{"line":124,"column":null}},"55":{"start":{"line":128,"column":27},"end":{"line":155,"column":null}},"56":{"start":{"line":129,"column":20},"end":{"line":129,"column":null}},"57":{"start":{"line":131,"column":2},"end":{"line":155,"column":null}},"58":{"start":{"line":132,"column":4},"end":{"line":134,"column":null}},"59":{"start":{"line":133,"column":6},"end":{"line":133,"column":null}},"60":{"start":{"line":134,"column":6},"end":{"line":134,"column":null}},"61":{"start":{"line":137,"column":4},"end":{"line":149,"column":null}},"62":{"start":{"line":138,"column":6},"end":{"line":140,"column":null}},"63":{"start":{"line":139,"column":8},"end":{"line":139,"column":null}},"64":{"start":{"line":140,"column":8},"end":{"line":140,"column":null}},"65":{"start":{"line":142,"column":22},"end":{"line":142,"column":null}},"66":{"start":{"line":143,"column":24},"end":{"line":143,"column":72}},"67":{"start":{"line":144,"column":6},"end":{"line":146,"column":null}},"68":{"start":{"line":145,"column":8},"end":{"line":145,"column":null}},"69":{"start":{"line":146,"column":8},"end":{"line":146,"column":null}},"70":{"start":{"line":148,"column":6},"end":{"line":148,"column":null}},"71":{"start":{"line":151,"column":16},"end":{"line":151,"column":null}},"72":{"start":{"line":152,"column":4},"end":{"line":155,"column":null}},"73":{"start":{"line":159,"column":13},"end":{"line":170,"column":null}},"74":{"start":{"line":160,"column":2},"end":{"line":170,"column":null}},"75":{"start":{"line":161,"column":4},"end":{"line":163,"column":null}},"76":{"start":{"line":164,"column":4},"end":{"line":164,"column":null}},"77":{"start":{"line":166,"column":16},"end":{"line":166,"column":null}},"78":{"start":{"line":167,"column":4},"end":{"line":170,"column":null}},"79":{"start":{"line":175,"column":0},"end":{"line":175,"column":null}}},"fnMap":{"0":{"name":"(anonymous_0)","decl":{"start":{"line":13,"column":28},"end":{"line":13,"column":35}},"loc":{"start":{"line":13,"column":82},"end":{"line":68,"column":null}},"line":13},"1":{"name":"(anonymous_1)","decl":{"start":{"line":72,"column":25},"end":{"line":72,"column":32}},"loc":{"start":{"line":72,"column":79},"end":{"line":124,"column":null}},"line":72},"2":{"name":"(anonymous_2)","decl":{"start":{"line":128,"column":27},"end":{"line":128,"column":34}},"loc":{"start":{"line":128,"column":81},"end":{"line":155,"column":null}},"line":128},"3":{"name":"(anonymous_3)","decl":{"start":{"line":137,"column":56},"end":{"line":137,"column":63}},"loc":{"start":{"line":137,"column":111},"end":{"line":149,"column":null}},"line":137},"4":{"name":"(anonymous_4)","decl":{"start":{"line":159,"column":13},"end":{"line":159,"column":29}},"loc":{"start":{"line":159,"column":68},"end":{"line":170,"column":null}},"line":159}},"branchMap":{"0":{"loc":{"start":{"line":9,"column":19},"end":{"line":9,"column":null}},"type":"binary-expr","locations":[{"start":{"line":9,"column":19},"end":{"line":9,"column":45}},{"start":{"line":9,"column":45},"end":{"line":9,"column":null}}],"line":9},"1":{"loc":{"start":{"line":17,"column":4},"end":{"line":24,"column":null}},"type":"if","locations":[{"start":{"line":17,"column":4},"end":{"line":24,"column":null}},{"start":{},"end":{}}],"line":17},"2":{"loc":{"start":{"line":19,"column":6},"end":{"line":24,"column":null}},"type":"if","locations":[{"start":{"line":19,"column":6},"end":{"line":24,"column":null}},{"start":{},"end":{}}],"line":19},"3":{"loc":{"start":{"line":29,"column":4},"end":{"line":31,"column":null}},"type":"if","locations":[{"start":{"line":29,"column":4},"end":{"line":31,"column":null}},{"start":{},"end":{}}],"line":29},"4":{"loc":{"start":{"line":34,"column":4},"end":{"line":36,"column":null}},"type":"if","locations":[{"start":{"line":34,"column":4},"end":{"line":36,"column":null}},{"start":{},"end":{}}],"line":34},"5":{"loc":{"start":{"line":43,"column":4},"end":{"line":45,"column":null}},"type":"if","locations":[{"start":{"line":43,"column":4},"end":{"line":45,"column":null}},{"start":{},"end":{}}],"line":43},"6":{"loc":{"start":{"line":62,"column":6},"end":{"line":64,"column":null}},"type":"cond-expr","locations":[{"start":{"line":63,"column":10},"end":{"line":63,"column":null}},{"start":{"line":64,"column":10},"end":{"line":64,"column":null}}],"line":62},"7":{"loc":{"start":{"line":81,"column":4},"end":{"line":83,"column":null}},"type":"if","locations":[{"start":{"line":81,"column":4},"end":{"line":83,"column":null}},{"start":{},"end":{}}],"line":81},"8":{"loc":{"start":{"line":86,"column":4},"end":{"line":90,"column":null}},"type":"if","locations":[{"start":{"line":86,"column":4},"end":{"line":90,"column":null}},{"start":{},"end":{}}],"line":86},"9":{"loc":{"start":{"line":86,"column":8},"end":{"line":86,"column":57}},"type":"binary-expr","locations":[{"start":{"line":86,"column":8},"end":{"line":86,"column":34}},{"start":{"line":86,"column":34},"end":{"line":86,"column":57}}],"line":86},"10":{"loc":{"start":{"line":93,"column":4},"end":{"line":97,"column":null}},"type":"if","locations":[{"start":{"line":93,"column":4},"end":{"line":97,"column":null}},{"start":{},"end":{}}],"line":93},"11":{"loc":{"start":{"line":93,"column":8},"end":{"line":93,"column":57}},"type":"binary-expr","locations":[{"start":{"line":93,"column":8},"end":{"line":93,"column":34}},{"start":{"line":93,"column":34},"end":{"line":93,"column":57}}],"line":93},"12":{"loc":{"start":{"line":103,"column":4},"end":{"line":105,"column":null}},"type":"if","locations":[{"start":{"line":103,"column":4},"end":{"line":105,"column":null}},{"start":{},"end":{}}],"line":103},"13":{"loc":{"start":{"line":132,"column":4},"end":{"line":134,"column":null}},"type":"if","locations":[{"start":{"line":132,"column":4},"end":{"line":134,"column":null}},{"start":{},"end":{}}],"line":132},"14":{"loc":{"start":{"line":138,"column":6},"end":{"line":140,"column":null}},"type":"if","locations":[{"start":{"line":138,"column":6},"end":{"line":140,"column":null}},{"start":{},"end":{}}],"line":138},"15":{"loc":{"start":{"line":144,"column":6},"end":{"line":146,"column":null}},"type":"if","locations":[{"start":{"line":144,"column":6},"end":{"line":146,"column":null}},{"start":{},"end":{}}],"line":144}},"s":{"0":4,"1":4,"2":4,"3":0,"4":0,"5":0,"6":0,"7":0,"8":0,"9":0,"10":0,"11":0,"12":0,"13":0,"14":0,"15":0,"16":0,"17":0,"18":0,"19":0,"20":0,"21":0,"22":0,"23":0,"24":0,"25":0,"26":0,"27":0,"28":0,"29":0,"30":4,"31":1,"32":1,"33":1,"34":1,"35":1,"36":1,"37":0,"38":0,"39":0,"40":0,"41":0,"42":0,"43":0,"44":0,"45":0,"46":0,"47":0,"48":0,"49":0,"50":0,"51":0,"52":0,"53":0,"54":0,"55":4,"56":0,"57":0,"58":0,"59":0,"60":0,"61":0,"62":0,"63":0,"64":0,"65":0,"66":0,"67":0,"68":0,"69":0,"70":0,"71":0,"72":0,"73":4,"74":0,"75":0,"76":0,"77":0,"78":0,"79":4},"f":{"0":0,"1":1,"2":0,"3":0,"4":0},"b":{"0":[4,0],"1":[0,0],"2":[0,0],"3":[0,0],"4":[0,0],"5":[0,0],"6":[0,0],"7":[1,0],"8":[0,0],"9":[0,0],"10":[0,0],"11":[0,0],"12":[0,0],"13":[0,0],"14":[0,0],"15":[0,0]},"meta":{"lastBranch":16,"lastFunction":5,"lastStatement":80,"seen":{"s:8:39:8:Infinity":0,"s:9:19:9:Infinity":1,"b:9:19:9:45:9:45:9:Infinity":0,"s:13:28:68:Infinity":2,"f:13:28:13:35":0,"s:14:2:68:Infinity":3,"s:15:64:15:Infinity":4,"b:17:4:24:Infinity:undefined:undefined:undefined:undefined":1,"s:17:4:24:Infinity":5,"s:18:29:18:73":6,"b:19:6:24:Infinity:undefined:undefined:undefined:undefined":2,"s:19:6:24:Infinity":7,"s:20:8:23:Infinity":8,"s:24:8:24:Infinity":9,"s:28:25:28:63":10,"b:29:4:31:Infinity:undefined:undefined:undefined:undefined":3,"s:29:4:31:Infinity":11,"s:30:6:30:Infinity":12,"s:31:6:31:Infinity":13,"b:34:4:36:Infinity:undefined:undefined:undefined:undefined":4,"s:34:4:36:Infinity":14,"s:35:6:35:Infinity":15,"s:36:6:36:Infinity":16,"s:39:25:39:48":17,"s:40:17:40:Infinity":18,"s:42:22:42:87":19,"b:43:4:45:Infinity:undefined:undefined:undefined:undefined":5,"s:43:4:45:Infinity":20,"s:44:6:44:Infinity":21,"s:45:6:45:Infinity":22,"s:48:21:51:Infinity":23,"s:53:21:53:56":24,"s:54:4:54:Infinity":25,"s:56:17:59:Infinity":26,"s:62:6:64:Infinity":27,"b:63:10:63:Infinity:64:10:64:Infinity":6,"s:66:4:66:Infinity":28,"s:68:4:68:Infinity":29,"s:72:25:124:Infinity":30,"f:72:25:72:32":1,"s:73:2:124:Infinity":31,"s:74:33:74:Infinity":32,"s:76:17:79:30":33,"b:81:4:83:Infinity:undefined:undefined:undefined:undefined":7,"s:81:4:83:Infinity":34,"s:82:6:82:Infinity":35,"s:83:6:83:Infinity":36,"b:86:4:90:Infinity:undefined:undefined:undefined:undefined":8,"s:86:4:90:Infinity":37,"b:86:8:86:34:86:34:86:57":9,"s:87:6:89:Infinity":38,"s:90:6:90:Infinity":39,"b:93:4:97:Infinity:undefined:undefined:undefined:undefined":10,"s:93:4:97:Infinity":40,"b:93:8:93:34:93:34:93:57":11,"s:94:6:96:Infinity":41,"s:97:6:97:Infinity":42,"s:100:25:100:Infinity":43,"s:101:18:101:55":44,"b:103:4:105:Infinity:undefined:undefined:undefined:undefined":12,"s:103:4:105:Infinity":45,"s:104:6:104:Infinity":46,"s:105:6:105:Infinity":47,"s:108:4:108:Infinity":48,"s:109:18:109:39":49,"s:110:21:110:Infinity":50,"s:112:4:116:Infinity":51,"s:118:4:118:Infinity":52,"s:120:16:120:Infinity":53,"s:121:4:124:Infinity":54,"s:128:27:155:Infinity":55,"f:128:27:128:34":2,"s:129:20:129:Infinity":56,"s:131:2:155:Infinity":57,"b:132:4:134:Infinity:undefined:undefined:undefined:undefined":13,"s:132:4:134:Infinity":58,"s:133:6:133:Infinity":59,"s:134:6:134:Infinity":60,"s:137:4:149:Infinity":61,"f:137:56:137:63":3,"b:138:6:140:Infinity:undefined:undefined:undefined:undefined":14,"s:138:6:140:Infinity":62,"s:139:8:139:Infinity":63,"s:140:8:140:Infinity":64,"s:142:22:142:Infinity":65,"s:143:24:143:72":66,"b:144:6:146:Infinity:undefined:undefined:undefined:undefined":15,"s:144:6:146:Infinity":67,"s:145:8:145:Infinity":68,"s:146:8:146:Infinity":69,"s:148:6:148:Infinity":70,"s:151:16:151:Infinity":71,"s:152:4:155:Infinity":72,"s:159:13:170:Infinity":73,"f:159:13:159:29":4,"s:160:2:170:Infinity":74,"s:161:4:163:Infinity":75,"s:164:4:164:Infinity":76,"s:166:16:166:Infinity":77,"s:167:4:170:Infinity":78,"s:175:0:175:Infinity":79}}}
,"S:\\startup\\2.MiAyuda\\MiAyudaTics_v1.0\\server\\controllers\\consecutivoCaso.ts": {"path":"S:\\startup\\2.MiAyuda\\MiAyudaTics_v1.0\\server\\controllers\\consecutivoCaso.ts","statementMap":{"0":{"start":{"line":4,"column":33},"end":{"line":4,"column":null}},"1":{"start":{"line":6,"column":35},"end":{"line":25,"column":null}},"2":{"start":{"line":7,"column":2},"end":{"line":25,"column":null}},"3":{"start":{"line":8,"column":29},"end":{"line":8,"column":63}},"4":{"start":{"line":10,"column":22},"end":{"line":10,"column":89}},"5":{"start":{"line":12,"column":4},"end":{"line":16,"column":null}},"6":{"start":{"line":13,"column":6},"end":{"line":16,"column":null}},"7":{"start":{"line":19,"column":4},"end":{"line":19,"column":null}},"8":{"start":{"line":20,"column":4},"end":{"line":20,"column":null}},"9":{"start":{"line":22,"column":34},"end":{"line":22,"column":82}},"10":{"start":{"line":23,"column":4},"end":{"line":23,"column":null}},"11":{"start":{"line":25,"column":4},"end":{"line":25,"column":null}}},"fnMap":{"0":{"name":"(anonymous_0)","decl":{"start":{"line":6,"column":35},"end":{"line":6,"column":64}},"loc":{"start":{"line":6,"column":64},"end":{"line":25,"column":null}},"line":6}},"branchMap":{"0":{"loc":{"start":{"line":12,"column":4},"end":{"line":16,"column":null}},"type":"if","locations":[{"start":{"line":12,"column":4},"end":{"line":16,"column":null}},{"start":{},"end":{}}],"line":12}},"s":{"0":4,"1":4,"2":1,"3":1,"4":1,"5":1,"6":0,"7":1,"8":1,"9":1,"10":1,"11":0},"f":{"0":1},"b":{"0":[0,1]},"meta":{"lastBranch":1,"lastFunction":1,"lastStatement":12,"seen":{"s:4:33:4:Infinity":0,"s:6:35:25:Infinity":1,"f:6:35:6:64":0,"s:7:2:25:Infinity":2,"s:8:29:8:63":3,"s:10:22:10:89":4,"b:12:4:16:Infinity:undefined:undefined:undefined:undefined":0,"s:12:4:16:Infinity":5,"s:13:6:16:Infinity":6,"s:19:4:19:Infinity":7,"s:20:4:20:Infinity":8,"s:22:34:22:82":9,"s:23:4:23:Infinity":10,"s:25:4:25:Infinity":11}}}
,"S:\\startup\\2.MiAyuda\\MiAyudaTics_v1.0\\server\\controllers\\graficaSolicitudesPorAmbiente.ts": {"path":"S:\\startup\\2.MiAyuda\\MiAyudaTics_v1.0\\server\\controllers\\graficaSolicitudesPorAmbiente.ts","statementMap":{"0":{"start":{"line":5,"column":27},"end":{"line":5,"column":null}},"1":{"start":{"line":14,"column":42},"end":{"line":61,"column":null}},"2":{"start":{"line":15,"column":15},"end":{"line":15,"column":77}},"3":{"start":{"line":16,"column":16},"end":{"line":16,"column":55}},"4":{"start":{"line":17,"column":14},"end":{"line":17,"column":57}},"5":{"start":{"line":19,"column":2},"end":{"line":61,"column":null}},"6":{"start":{"line":20,"column":17},"end":{"line":57,"column":6}},"7":{"start":{"line":59,"column":4},"end":{"line":59,"column":null}},"8":{"start":{"line":61,"column":4},"end":{"line":61,"column":null}}},"fnMap":{"0":{"name":"(anonymous_0)","decl":{"start":{"line":14,"column":42},"end":{"line":14,"column":49}},"loc":{"start":{"line":14,"column":96},"end":{"line":61,"column":null}},"line":14}},"branchMap":{"0":{"loc":{"start":{"line":15,"column":15},"end":{"line":15,"column":77}},"type":"binary-expr","locations":[{"start":{"line":15,"column":15},"end":{"line":15,"column":49}},{"start":{"line":15,"column":53},"end":{"line":15,"column":77}}],"line":15}},"s":{"0":4,"1":4,"2":0,"3":0,"4":0,"5":0,"6":0,"7":0,"8":0},"f":{"0":0},"b":{"0":[0,0]},"meta":{"lastBranch":1,"lastFunction":1,"lastStatement":9,"seen":{"s:5:27:5:Infinity":0,"s:14:42:61:Infinity":1,"f:14:42:14:49":0,"s:15:15:15:77":2,"b:15:15:15:49:15:53:15:77":0,"s:16:16:16:55":3,"s:17:14:17:57":4,"s:19:2:61:Infinity":5,"s:20:17:57:6":6,"s:59:4:59:Infinity":7,"s:61:4:61:Infinity":8}}}
,"S:\\startup\\2.MiAyuda\\MiAyudaTics_v1.0\\server\\controllers\\graficaSolicitudesPorMes.ts": {"path":"S:\\startup\\2.MiAyuda\\MiAyudaTics_v1.0\\server\\controllers\\graficaSolicitudesPorMes.ts","statementMap":{"0":{"start":{"line":5,"column":27},"end":{"line":5,"column":null}},"1":{"start":{"line":13,"column":36},"end":{"line":46,"column":null}},"2":{"start":{"line":14,"column":15},"end":{"line":14,"column":77}},"3":{"start":{"line":15,"column":16},"end":{"line":15,"column":55}},"4":{"start":{"line":16,"column":14},"end":{"line":16,"column":57}},"5":{"start":{"line":18,"column":2},"end":{"line":46,"column":null}},"6":{"start":{"line":19,"column":17},"end":{"line":34,"column":6}},"7":{"start":{"line":36,"column":29},"end":{"line":38,"column":6}},"8":{"start":{"line":40,"column":4},"end":{"line":44,"column":null}},"9":{"start":{"line":46,"column":4},"end":{"line":46,"column":null}}},"fnMap":{"0":{"name":"(anonymous_0)","decl":{"start":{"line":13,"column":36},"end":{"line":13,"column":43}},"loc":{"start":{"line":13,"column":90},"end":{"line":46,"column":null}},"line":13}},"branchMap":{"0":{"loc":{"start":{"line":14,"column":15},"end":{"line":14,"column":77}},"type":"binary-expr","locations":[{"start":{"line":14,"column":15},"end":{"line":14,"column":49}},{"start":{"line":14,"column":53},"end":{"line":14,"column":77}}],"line":14}},"s":{"0":4,"1":4,"2":0,"3":0,"4":0,"5":0,"6":0,"7":0,"8":0,"9":0},"f":{"0":0},"b":{"0":[0,0]},"meta":{"lastBranch":1,"lastFunction":1,"lastStatement":10,"seen":{"s:5:27:5:Infinity":0,"s:13:36:46:Infinity":1,"f:13:36:13:43":0,"s:14:15:14:77":2,"b:14:15:14:49:14:53:14:77":0,"s:15:16:15:55":3,"s:16:14:16:57":4,"s:18:2:46:Infinity":5,"s:19:17:34:6":6,"s:36:29:38:6":7,"s:40:4:44:Infinity":8,"s:46:4:46:Infinity":9}}}
,"S:\\startup\\2.MiAyuda\\MiAyudaTics_v1.0\\server\\controllers\\recuperarPassword.ts": {"path":"S:\\startup\\2.MiAyuda\\MiAyudaTics_v1.0\\server\\controllers\\recuperarPassword.ts","statementMap":{"0":{"start":{"line":6,"column":25},"end":{"line":6,"column":null}},"1":{"start":{"line":7,"column":19},"end":{"line":7,"column":null}},"2":{"start":{"line":10,"column":2},"end":{"line":10,"column":null}},"3":{"start":{"line":13,"column":30},"end":{"line":45,"column":null}},"4":{"start":{"line":14,"column":2},"end":{"line":45,"column":null}},"5":{"start":{"line":15,"column":23},"end":{"line":15,"column":null}},"6":{"start":{"line":16,"column":4},"end":{"line":18,"column":null}},"7":{"start":{"line":17,"column":6},"end":{"line":17,"column":null}},"8":{"start":{"line":18,"column":6},"end":{"line":18,"column":null}},"9":{"start":{"line":21,"column":17},"end":{"line":21,"column":55}},"10":{"start":{"line":22,"column":4},"end":{"line":24,"column":null}},"11":{"start":{"line":23,"column":6},"end":{"line":23,"column":null}},"12":{"start":{"line":24,"column":6},"end":{"line":24,"column":null}},"13":{"start":{"line":27,"column":18},"end":{"line":27,"column":33}},"14":{"start":{"line":28,"column":24},"end":{"line":28,"column":79}},"15":{"start":{"line":30,"column":4},"end":{"line":30,"column":null}},"16":{"start":{"line":31,"column":4},"end":{"line":31,"column":null}},"17":{"start":{"line":32,"column":4},"end":{"line":32,"column":null}},"18":{"start":{"line":34,"column":21},"end":{"line":34,"column":null}},"19":{"start":{"line":36,"column":4},"end":{"line":41,"column":null}},"20":{"start":{"line":43,"column":4},"end":{"line":43,"column":null}},"21":{"start":{"line":45,"column":4},"end":{"line":45,"column":null}}},"fnMap":{"0":{"name":"generateToken","decl":{"start":{"line":9,"column":9},"end":{"line":9,"column":33}},"loc":{"start":{"line":9,"column":33},"end":{"line":10,"column":null}},"line":9},"1":{"name":"(anonymous_1)","decl":{"start":{"line":13,"column":30},"end":{"line":13,"column":37}},"loc":{"start":{"line":13,"column":84},"end":{"line":45,"column":null}},"line":13}},"branchMap":{"0":{"loc":{"start":{"line":16,"column":4},"end":{"line":18,"column":null}},"type":"if","locations":[{"start":{"line":16,"column":4},"end":{"line":18,"column":null}},{"start":{},"end":{}}],"line":16},"1":{"loc":{"start":{"line":22,"column":4},"end":{"line":24,"column":null}},"type":"if","locations":[{"start":{"line":22,"column":4},"end":{"line":24,"column":null}},{"start":{},"end":{}}],"line":22}},"s":{"0":4,"1":4,"2":0,"3":4,"4":0,"5":0,"6":0,"7":0,"8":0,"9":0,"10":0,"11":0,"12":0,"13":0,"14":0,"15":0,"16":0,"17":0,"18":0,"19":0,"20":0,"21":0},"f":{"0":0,"1":0},"b":{"0":[0,0],"1":[0,0]},"meta":{"lastBranch":2,"lastFunction":2,"lastStatement":22,"seen":{"s:6:25:6:Infinity":0,"s:7:19:7:Infinity":1,"f:9:9:9:33":0,"s:10:2:10:Infinity":2,"s:13:30:45:Infinity":3,"f:13:30:13:37":1,"s:14:2:45:Infinity":4,"s:15:23:15:Infinity":5,"b:16:4:18:Infinity:undefined:undefined:undefined:undefined":0,"s:16:4:18:Infinity":6,"s:17:6:17:Infinity":7,"s:18:6:18:Infinity":8,"s:21:17:21:55":9,"b:22:4:24:Infinity:undefined:undefined:undefined:undefined":1,"s:22:4:24:Infinity":10,"s:23:6:23:Infinity":11,"s:24:6:24:Infinity":12,"s:27:18:27:33":13,"s:28:24:28:79":14,"s:30:4:30:Infinity":15,"s:31:4:31:Infinity":16,"s:32:4:32:Infinity":17,"s:34:21:34:Infinity":18,"s:36:4:41:Infinity":19,"s:43:4:43:Infinity":20,"s:45:4:45:Infinity":21}}}
,"S:\\startup\\2.MiAyuda\\MiAyudaTics_v1.0\\server\\controllers\\restablecerPassword.ts": {"path":"S:\\startup\\2.MiAyuda\\MiAyudaTics_v1.0\\server\\controllers\\restablecerPassword.ts","statementMap":{"0":{"start":{"line":6,"column":25},"end":{"line":6,"column":null}},"1":{"start":{"line":8,"column":29},"end":{"line":37,"column":null}},"2":{"start":{"line":9,"column":16},"end":{"line":9,"column":null}},"3":{"start":{"line":10,"column":40},"end":{"line":10,"column":null}},"4":{"start":{"line":12,"column":2},"end":{"line":37,"column":null}},"5":{"start":{"line":13,"column":4},"end":{"line":15,"column":null}},"6":{"start":{"line":14,"column":6},"end":{"line":14,"column":null}},"7":{"start":{"line":15,"column":6},"end":{"line":15,"column":null}},"8":{"start":{"line":18,"column":24},"end":{"line":18,"column":79}},"9":{"start":{"line":20,"column":17},"end":{"line":23,"column":6}},"10":{"start":{"line":25,"column":4},"end":{"line":27,"column":null}},"11":{"start":{"line":26,"column":6},"end":{"line":26,"column":null}},"12":{"start":{"line":27,"column":6},"end":{"line":27,"column":null}},"13":{"start":{"line":30,"column":4},"end":{"line":30,"column":null}},"14":{"start":{"line":31,"column":4},"end":{"line":31,"column":null}},"15":{"start":{"line":32,"column":4},"end":{"line":32,"column":null}},"16":{"start":{"line":33,"column":4},"end":{"line":33,"column":null}},"17":{"start":{"line":35,"column":4},"end":{"line":35,"column":null}},"18":{"start":{"line":37,"column":4},"end":{"line":37,"column":null}}},"fnMap":{"0":{"name":"(anonymous_0)","decl":{"start":{"line":8,"column":29},"end":{"line":8,"column":36}},"loc":{"start":{"line":8,"column":83},"end":{"line":37,"column":null}},"line":8}},"branchMap":{"0":{"loc":{"start":{"line":13,"column":4},"end":{"line":15,"column":null}},"type":"if","locations":[{"start":{"line":13,"column":4},"end":{"line":15,"column":null}},{"start":{},"end":{}}],"line":13},"1":{"loc":{"start":{"line":25,"column":4},"end":{"line":27,"column":null}},"type":"if","locations":[{"start":{"line":25,"column":4},"end":{"line":27,"column":null}},{"start":{},"end":{}}],"line":25}},"s":{"0":4,"1":4,"2":1,"3":1,"4":1,"5":1,"6":0,"7":0,"8":1,"9":1,"10":1,"11":1,"12":1,"13":0,"14":0,"15":0,"16":0,"17":0,"18":0},"f":{"0":1},"b":{"0":[0,1],"1":[1,0]},"meta":{"lastBranch":2,"lastFunction":1,"lastStatement":19,"seen":{"s:6:25:6:Infinity":0,"s:8:29:37:Infinity":1,"f:8:29:8:36":0,"s:9:16:9:Infinity":2,"s:10:40:10:Infinity":3,"s:12:2:37:Infinity":4,"b:13:4:15:Infinity:undefined:undefined:undefined:undefined":0,"s:13:4:15:Infinity":5,"s:14:6:14:Infinity":6,"s:15:6:15:Infinity":7,"s:18:24:18:79":8,"s:20:17:23:6":9,"b:25:4:27:Infinity:undefined:undefined:undefined:undefined":1,"s:25:4:27:Infinity":10,"s:26:6:26:Infinity":11,"s:27:6:27:Infinity":12,"s:30:4:30:Infinity":13,"s:31:4:31:Infinity":14,"s:32:4:32:Infinity":15,"s:33:4:33:Infinity":16,"s:35:4:35:Infinity":17,"s:37:4:37:Infinity":18}}}
,"S:\\startup\\2.MiAyuda\\MiAyudaTics_v1.0\\server\\controllers\\solicitud.ts": {"path":"S:\\startup\\2.MiAyuda\\MiAyudaTics_v1.0\\server\\controllers\\solicitud.ts","statementMap":{"0":{"start":{"line":9,"column":70},"end":{"line":9,"column":null}},"1":{"start":{"line":10,"column":19},"end":{"line":10,"column":null}},"2":{"start":{"line":12,"column":28},"end":{"line":29,"column":null}},"3":{"start":{"line":13,"column":2},"end":{"line":29,"column":null}},"4":{"start":{"line":14,"column":17},"end":{"line":25,"column":8}},"5":{"start":{"line":27,"column":4},"end":{"line":27,"column":null}},"6":{"start":{"line":29,"column":4},"end":{"line":29,"column":null}},"7":{"start":{"line":33,"column":37},"end":{"line":46,"column":null}},"8":{"start":{"line":34,"column":2},"end":{"line":46,"column":null}},"9":{"start":{"line":35,"column":17},"end":{"line":42,"column":68}},"10":{"start":{"line":44,"column":4},"end":{"line":44,"column":null}},"11":{"start":{"line":46,"column":4},"end":{"line":46,"column":null}},"12":{"start":{"line":50,"column":30},"end":{"line":72,"column":null}},"13":{"start":{"line":51,"column":2},"end":{"line":72,"column":null}},"14":{"start":{"line":52,"column":19},"end":{"line":52,"column":null}},"15":{"start":{"line":53,"column":17},"end":{"line":64,"column":8}},"16":{"start":{"line":66,"column":4},"end":{"line":68,"column":null}},"17":{"start":{"line":67,"column":6},"end":{"line":67,"column":null}},"18":{"start":{"line":68,"column":6},"end":{"line":68,"column":null}},"19":{"start":{"line":70,"column":4},"end":{"line":70,"column":null}},"20":{"start":{"line":72,"column":4},"end":{"line":72,"column":null}},"21":{"start":{"line":76,"column":31},"end":{"line":86,"column":null}},"22":{"start":{"line":77,"column":2},"end":{"line":86,"column":null}},"23":{"start":{"line":78,"column":19},"end":{"line":78,"column":null}},"24":{"start":{"line":79,"column":17},"end":{"line":79,"column":59}},"25":{"start":{"line":80,"column":4},"end":{"line":82,"column":null}},"26":{"start":{"line":81,"column":6},"end":{"line":81,"column":null}},"27":{"start":{"line":82,"column":6},"end":{"line":82,"column":null}},"28":{"start":{"line":84,"column":4},"end":{"line":84,"column":null}},"29":{"start":{"line":86,"column":4},"end":{"line":86,"column":null}},"30":{"start":{"line":90,"column":40},"end":{"line":101,"column":null}},"31":{"start":{"line":91,"column":2},"end":{"line":101,"column":null}},"32":{"start":{"line":92,"column":17},"end":{"line":97,"column":30}},"33":{"start":{"line":99,"column":4},"end":{"line":99,"column":null}},"34":{"start":{"line":101,"column":4},"end":{"line":101,"column":null}},"35":{"start":{"line":105,"column":30},"end":{"line":151,"column":null}},"36":{"start":{"line":106,"column":2},"end":{"line":151,"column":null}},"37":{"start":{"line":107,"column":22},"end":{"line":107,"column":null}},"38":{"start":{"line":108,"column":21},"end":{"line":108,"column":null}},"39":{"start":{"line":109,"column":17},"end":{"line":109,"column":null}},"40":{"start":{"line":111,"column":27},"end":{"line":111,"column":92}},"41":{"start":{"line":112,"column":4},"end":{"line":114,"column":null}},"42":{"start":{"line":113,"column":6},"end":{"line":113,"column":null}},"43":{"start":{"line":114,"column":6},"end":{"line":114,"column":null}},"44":{"start":{"line":119,"column":4},"end":{"line":125,"column":null}},"45":{"start":{"line":120,"column":23},"end":{"line":123,"column":null}},"46":{"start":{"line":124,"column":24},"end":{"line":124,"column":59}},"47":{"start":{"line":125,"column":6},"end":{"line":125,"column":null}},"48":{"start":{"line":128,"column":23},"end":{"line":128,"column":50}},"49":{"start":{"line":130,"column":26},"end":{"line":136,"column":null}},"50":{"start":{"line":138,"column":28},"end":{"line":138,"column":70}},"51":{"start":{"line":139,"column":4},"end":{"line":139,"column":null}},"52":{"start":{"line":141,"column":20},"end":{"line":141,"column":70}},"53":{"start":{"line":142,"column":4},"end":{"line":148,"column":null}},"54":{"start":{"line":143,"column":6},"end":{"line":148,"column":null}},"55":{"start":{"line":151,"column":4},"end":{"line":151,"column":null}},"56":{"start":{"line":155,"column":43},"end":{"line":173,"column":null}},"57":{"start":{"line":156,"column":20},"end":{"line":156,"column":null}},"58":{"start":{"line":157,"column":18},"end":{"line":157,"column":56}},"59":{"start":{"line":159,"column":2},"end":{"line":173,"column":null}},"60":{"start":{"line":160,"column":35},"end":{"line":166,"column":68}},"61":{"start":{"line":168,"column":4},"end":{"line":171,"column":null}},"62":{"start":{"line":173,"column":4},"end":{"line":173,"column":null}},"63":{"start":{"line":177,"column":39},"end":{"line":220,"column":null}},"64":{"start":{"line":178,"column":2},"end":{"line":220,"column":null}},"65":{"start":{"line":179,"column":19},"end":{"line":179,"column":null}},"66":{"start":{"line":180,"column":24},"end":{"line":180,"column":null}},"67":{"start":{"line":182,"column":22},"end":{"line":182,"column":55}},"68":{"start":{"line":183,"column":4},"end":{"line":185,"column":null}},"69":{"start":{"line":184,"column":6},"end":{"line":184,"column":null}},"70":{"start":{"line":185,"column":6},"end":{"line":185,"column":null}},"71":{"start":{"line":188,"column":28},"end":{"line":188,"column":102}},"72":{"start":{"line":189,"column":4},"end":{"line":191,"column":null}},"73":{"start":{"line":190,"column":6},"end":{"line":190,"column":null}},"74":{"start":{"line":191,"column":6},"end":{"line":191,"column":null}},"75":{"start":{"line":194,"column":4},"end":{"line":194,"column":null}},"76":{"start":{"line":195,"column":4},"end":{"line":195,"column":null}},"77":{"start":{"line":196,"column":4},"end":{"line":196,"column":null}},"78":{"start":{"line":198,"column":4},"end":{"line":198,"column":null}},"79":{"start":{"line":200,"column":33},"end":{"line":203,"column":6}},"80":{"start":{"line":205,"column":4},"end":{"line":205,"column":null}},"81":{"start":{"line":207,"column":4},"end":{"line":215,"column":null}},"82":{"start":{"line":217,"column":4},"end":{"line":217,"column":null}},"83":{"start":{"line":219,"column":16},"end":{"line":219,"column":null}},"84":{"start":{"line":220,"column":4},"end":{"line":220,"column":null}},"85":{"start":{"line":224,"column":39},"end":{"line":241,"column":null}},"86":{"start":{"line":225,"column":2},"end":{"line":241,"column":null}},"87":{"start":{"line":226,"column":22},"end":{"line":226,"column":null}},"88":{"start":{"line":227,"column":20},"end":{"line":227,"column":58}},"89":{"start":{"line":229,"column":33},"end":{"line":234,"column":30}},"90":{"start":{"line":236,"column":4},"end":{"line":239,"column":null}},"91":{"start":{"line":241,"column":4},"end":{"line":241,"column":null}},"92":{"start":{"line":245,"column":41},"end":{"line":267,"column":null}},"93":{"start":{"line":246,"column":2},"end":{"line":267,"column":null}},"94":{"start":{"line":247,"column":22},"end":{"line":247,"column":null}},"95":{"start":{"line":248,"column":20},"end":{"line":248,"column":58}},"96":{"start":{"line":250,"column":35},"end":{"line":260,"column":8}},"97":{"start":{"line":262,"column":4},"end":{"line":265,"column":null}},"98":{"start":{"line":267,"column":4},"end":{"line":267,"column":null}}},"fnMap":{"0":{"name":"(anonymous_0)","decl":{"start":{"line":12,"column":28},"end":{"line":12,"column":35}},"loc":{"start":{"line":12,"column":83},"end":{"line":29,"column":null}},"line":12},"1":{"name":"(anonymous_1)","decl":{"start":{"line":33,"column":37},"end":{"line":33,"column":44}},"loc":{"start":{"line":33,"column":92},"end":{"line":46,"column":null}},"line":33},"2":{"name":"(anonymous_2)","decl":{"start":{"line":50,"column":30},"end":{"line":50,"column":37}},"loc":{"start":{"line":50,"column":84},"end":{"line":72,"column":null}},"line":50},"3":{"name":"(anonymous_3)","decl":{"start":{"line":76,"column":31},"end":{"line":76,"column":38}},"loc":{"start":{"line":76,"column":85},"end":{"line":86,"column":null}},"line":76},"4":{"name":"(anonymous_4)","decl":{"start":{"line":90,"column":40},"end":{"line":90,"column":47}},"loc":{"start":{"line":90,"column":95},"end":{"line":101,"column":null}},"line":90},"5":{"name":"(anonymous_5)","decl":{"start":{"line":105,"column":30},"end":{"line":105,"column":37}},"loc":{"start":{"line":105,"column":84},"end":{"line":151,"column":null}},"line":105},"6":{"name":"(anonymous_6)","decl":{"start":{"line":155,"column":43},"end":{"line":155,"column":50}},"loc":{"start":{"line":155,"column":97},"end":{"line":173,"column":null}},"line":155},"7":{"name":"(anonymous_7)","decl":{"start":{"line":177,"column":39},"end":{"line":177,"column":46}},"loc":{"start":{"line":177,"column":93},"end":{"line":220,"column":null}},"line":177},"8":{"name":"(anonymous_8)","decl":{"start":{"line":224,"column":39},"end":{"line":224,"column":46}},"loc":{"start":{"line":224,"column":93},"end":{"line":241,"column":null}},"line":224},"9":{"name":"(anonymous_9)","decl":{"start":{"line":245,"column":41},"end":{"line":245,"column":48}},"loc":{"start":{"line":245,"column":95},"end":{"line":267,"column":null}},"line":245}},"branchMap":{"0":{"loc":{"start":{"line":10,"column":19},"end":{"line":10,"column":null}},"type":"binary-expr","locations":[{"start":{"line":10,"column":19},"end":{"line":10,"column":45}},{"start":{"line":10,"column":45},"end":{"line":10,"column":null}}],"line":10},"1":{"loc":{"start":{"line":66,"column":4},"end":{"line":68,"column":null}},"type":"if","locations":[{"start":{"line":66,"column":4},"end":{"line":68,"column":null}},{"start":{},"end":{}}],"line":66},"2":{"loc":{"start":{"line":80,"column":4},"end":{"line":82,"column":null}},"type":"if","locations":[{"start":{"line":80,"column":4},"end":{"line":82,"column":null}},{"start":{},"end":{}}],"line":80},"3":{"loc":{"start":{"line":112,"column":4},"end":{"line":114,"column":null}},"type":"if","locations":[{"start":{"line":112,"column":4},"end":{"line":114,"column":null}},{"start":{},"end":{}}],"line":112},"4":{"loc":{"start":{"line":119,"column":4},"end":{"line":125,"column":null}},"type":"if","locations":[{"start":{"line":119,"column":4},"end":{"line":125,"column":null}},{"start":{},"end":{}}],"line":119},"5":{"loc":{"start":{"line":142,"column":4},"end":{"line":148,"column":null}},"type":"if","locations":[{"start":{"line":142,"column":4},"end":{"line":148,"column":null}},{"start":{},"end":{}}],"line":142},"6":{"loc":{"start":{"line":169,"column":52},"end":{"line":169,"column":null}},"type":"binary-expr","locations":[{"start":{"line":169,"column":52},"end":{"line":169,"column":71}},{"start":{"line":169,"column":71},"end":{"line":169,"column":null}}],"line":169},"7":{"loc":{"start":{"line":183,"column":4},"end":{"line":185,"column":null}},"type":"if","locations":[{"start":{"line":183,"column":4},"end":{"line":185,"column":null}},{"start":{},"end":{}}],"line":183},"8":{"loc":{"start":{"line":189,"column":4},"end":{"line":191,"column":null}},"type":"if","locations":[{"start":{"line":189,"column":4},"end":{"line":191,"column":null}},{"start":{},"end":{}}],"line":189},"9":{"loc":{"start":{"line":237,"column":48},"end":{"line":237,"column":null}},"type":"binary-expr","locations":[{"start":{"line":237,"column":48},"end":{"line":237,"column":67}},{"start":{"line":237,"column":67},"end":{"line":237,"column":null}}],"line":237},"10":{"loc":{"start":{"line":263,"column":54},"end":{"line":263,"column":null}},"type":"binary-expr","locations":[{"start":{"line":263,"column":54},"end":{"line":263,"column":73}},{"start":{"line":263,"column":73},"end":{"line":263,"column":null}}],"line":263}},"s":{"0":4,"1":4,"2":4,"3":0,"4":0,"5":0,"6":0,"7":4,"8":0,"9":0,"10":0,"11":0,"12":4,"13":0,"14":0,"15":0,"16":0,"17":0,"18":0,"19":0,"20":0,"21":4,"22":0,"23":0,"24":0,"25":0,"26":0,"27":0,"28":0,"29":0,"30":4,"31":0,"32":0,"33":0,"34":0,"35":4,"36":1,"37":1,"38":1,"39":1,"40":1,"41":1,"42":0,"43":0,"44":1,"45":0,"46":0,"47":0,"48":1,"49":1,"50":1,"51":1,"52":1,"53":1,"54":1,"55":0,"56":4,"57":0,"58":0,"59":0,"60":0,"61":0,"62":0,"63":4,"64":0,"65":0,"66":0,"67":0,"68":0,"69":0,"70":0,"71":0,"72":0,"73":0,"74":0,"75":0,"76":0,"77":0,"78":0,"79":0,"80":0,"81":0,"82":0,"83":0,"84":0,"85":4,"86":0,"87":0,"88":0,"89":0,"90":0,"91":0,"92":4,"93":0,"94":0,"95":0,"96":0,"97":0,"98":0},"f":{"0":0,"1":0,"2":0,"3":0,"4":0,"5":1,"6":0,"7":0,"8":0,"9":0},"b":{"0":[4,0],"1":[0,0],"2":[0,0],"3":[0,1],"4":[0,1],"5":[1,0],"6":[0,0],"7":[0,0],"8":[0,0],"9":[0,0],"10":[0,0]},"meta":{"lastBranch":11,"lastFunction":10,"lastStatement":99,"seen":{"s:9:70:9:Infinity":0,"s:10:19:10:Infinity":1,"b:10:19:10:45:10:45:10:Infinity":0,"s:12:28:29:Infinity":2,"f:12:28:12:35":0,"s:13:2:29:Infinity":3,"s:14:17:25:8":4,"s:27:4:27:Infinity":5,"s:29:4:29:Infinity":6,"s:33:37:46:Infinity":7,"f:33:37:33:44":1,"s:34:2:46:Infinity":8,"s:35:17:42:68":9,"s:44:4:44:Infinity":10,"s:46:4:46:Infinity":11,"s:50:30:72:Infinity":12,"f:50:30:50:37":2,"s:51:2:72:Infinity":13,"s:52:19:52:Infinity":14,"s:53:17:64:8":15,"b:66:4:68:Infinity:undefined:undefined:undefined:undefined":1,"s:66:4:68:Infinity":16,"s:67:6:67:Infinity":17,"s:68:6:68:Infinity":18,"s:70:4:70:Infinity":19,"s:72:4:72:Infinity":20,"s:76:31:86:Infinity":21,"f:76:31:76:38":3,"s:77:2:86:Infinity":22,"s:78:19:78:Infinity":23,"s:79:17:79:59":24,"b:80:4:82:Infinity:undefined:undefined:undefined:undefined":2,"s:80:4:82:Infinity":25,"s:81:6:81:Infinity":26,"s:82:6:82:Infinity":27,"s:84:4:84:Infinity":28,"s:86:4:86:Infinity":29,"s:90:40:101:Infinity":30,"f:90:40:90:47":4,"s:91:2:101:Infinity":31,"s:92:17:97:30":32,"s:99:4:99:Infinity":33,"s:101:4:101:Infinity":34,"s:105:30:151:Infinity":35,"f:105:30:105:37":5,"s:106:2:151:Infinity":36,"s:107:22:107:Infinity":37,"s:108:21:108:Infinity":38,"s:109:17:109:Infinity":39,"s:111:27:111:92":40,"b:112:4:114:Infinity:undefined:undefined:undefined:undefined":3,"s:112:4:114:Infinity":41,"s:113:6:113:Infinity":42,"s:114:6:114:Infinity":43,"b:119:4:125:Infinity:undefined:undefined:undefined:undefined":4,"s:119:4:125:Infinity":44,"s:120:23:123:Infinity":45,"s:124:24:124:59":46,"s:125:6:125:Infinity":47,"s:128:23:128:50":48,"s:130:26:136:Infinity":49,"s:138:28:138:70":50,"s:139:4:139:Infinity":51,"s:141:20:141:70":52,"b:142:4:148:Infinity:undefined:undefined:undefined:undefined":5,"s:142:4:148:Infinity":53,"s:143:6:148:Infinity":54,"s:151:4:151:Infinity":55,"s:155:43:173:Infinity":56,"f:155:43:155:50":6,"s:156:20:156:Infinity":57,"s:157:18:157:56":58,"s:159:2:173:Infinity":59,"s:160:35:166:68":60,"s:168:4:171:Infinity":61,"b:169:52:169:71:169:71:169:Infinity":6,"s:173:4:173:Infinity":62,"s:177:39:220:Infinity":63,"f:177:39:177:46":7,"s:178:2:220:Infinity":64,"s:179:19:179:Infinity":65,"s:180:24:180:Infinity":66,"s:182:22:182:55":67,"b:183:4:185:Infinity:undefined:undefined:undefined:undefined":7,"s:183:4:185:Infinity":68,"s:184:6:184:Infinity":69,"s:185:6:185:Infinity":70,"s:188:28:188:102":71,"b:189:4:191:Infinity:undefined:undefined:undefined:undefined":8,"s:189:4:191:Infinity":72,"s:190:6:190:Infinity":73,"s:191:6:191:Infinity":74,"s:194:4:194:Infinity":75,"s:195:4:195:Infinity":76,"s:196:4:196:Infinity":77,"s:198:4:198:Infinity":78,"s:200:33:203:6":79,"s:205:4:205:Infinity":80,"s:207:4:215:Infinity":81,"s:217:4:217:Infinity":82,"s:219:16:219:Infinity":83,"s:220:4:220:Infinity":84,"s:224:39:241:Infinity":85,"f:224:39:224:46":8,"s:225:2:241:Infinity":86,"s:226:22:226:Infinity":87,"s:227:20:227:58":88,"s:229:33:234:30":89,"s:236:4:239:Infinity":90,"b:237:48:237:67:237:67:237:Infinity":9,"s:241:4:241:Infinity":91,"s:245:41:267:Infinity":92,"f:245:41:245:48":9,"s:246:2:267:Infinity":93,"s:247:22:247:Infinity":94,"s:248:20:248:58":95,"s:250:35:260:8":96,"s:262:4:265:Infinity":97,"b:263:54:263:73:263:73:263:Infinity":10,"s:267:4:267:Infinity":98}}}
,"S:\\startup\\2.MiAyuda\\MiAyudaTics_v1.0\\server\\controllers\\solucionCaso.ts": {"path":"S:\\startup\\2.MiAyuda\\MiAyudaTics_v1.0\\server\\controllers\\solucionCaso.ts","statementMap":{"0":{"start":{"line":8,"column":74},"end":{"line":8,"column":null}},"1":{"start":{"line":9,"column":19},"end":{"line":9,"column":null}},"2":{"start":{"line":11,"column":28},"end":{"line":81,"column":null}},"3":{"start":{"line":12,"column":17},"end":{"line":12,"column":null}},"4":{"start":{"line":13,"column":19},"end":{"line":13,"column":null}},"5":{"start":{"line":14,"column":15},"end":{"line":14,"column":null}},"6":{"start":{"line":16,"column":2},"end":{"line":81,"column":null}},"7":{"start":{"line":17,"column":22},"end":{"line":17,"column":55}},"8":{"start":{"line":18,"column":4},"end":{"line":20,"column":null}},"9":{"start":{"line":19,"column":6},"end":{"line":19,"column":null}},"10":{"start":{"line":20,"column":6},"end":{"line":20,"column":null}},"11":{"start":{"line":25,"column":4},"end":{"line":31,"column":null}},"12":{"start":{"line":26,"column":23},"end":{"line":29,"column":null}},"13":{"start":{"line":30,"column":24},"end":{"line":30,"column":59}},"14":{"start":{"line":31,"column":6},"end":{"line":31,"column":null}},"15":{"start":{"line":34,"column":29},"end":{"line":34,"column":null}},"16":{"start":{"line":36,"column":4},"end":{"line":54,"column":null}},"17":{"start":{"line":37,"column":6},"end":{"line":37,"column":null}},"18":{"start":{"line":38,"column":15},"end":{"line":54,"column":null}},"19":{"start":{"line":39,"column":6},"end":{"line":39,"column":null}},"20":{"start":{"line":41,"column":22},"end":{"line":41,"column":68}},"21":{"start":{"line":42,"column":6},"end":{"line":54,"column":null}},"22":{"start":{"line":43,"column":8},"end":{"line":54,"column":null}},"23":{"start":{"line":58,"column":25},"end":{"line":62,"column":null}},"24":{"start":{"line":64,"column":21},"end":{"line":64,"column":65}},"25":{"start":{"line":65,"column":4},"end":{"line":65,"column":null}},"26":{"start":{"line":67,"column":4},"end":{"line":67,"column":null}},"27":{"start":{"line":69,"column":4},"end":{"line":72,"column":null}},"28":{"start":{"line":75,"column":6},"end":{"line":77,"column":null}},"29":{"start":{"line":79,"column":4},"end":{"line":79,"column":null}},"30":{"start":{"line":81,"column":4},"end":{"line":81,"column":null}}},"fnMap":{"0":{"name":"(anonymous_0)","decl":{"start":{"line":11,"column":28},"end":{"line":11,"column":35}},"loc":{"start":{"line":11,"column":82},"end":{"line":81,"column":null}},"line":11}},"branchMap":{"0":{"loc":{"start":{"line":9,"column":19},"end":{"line":9,"column":null}},"type":"binary-expr","locations":[{"start":{"line":9,"column":19},"end":{"line":9,"column":45}},{"start":{"line":9,"column":45},"end":{"line":9,"column":null}}],"line":9},"1":{"loc":{"start":{"line":18,"column":4},"end":{"line":20,"column":null}},"type":"if","locations":[{"start":{"line":18,"column":4},"end":{"line":20,"column":null}},{"start":{},"end":{}}],"line":18},"2":{"loc":{"start":{"line":25,"column":4},"end":{"line":31,"column":null}},"type":"if","locations":[{"start":{"line":25,"column":4},"end":{"line":31,"column":null}},{"start":{},"end":{}}],"line":25},"3":{"loc":{"start":{"line":36,"column":4},"end":{"line":54,"column":null}},"type":"if","locations":[{"start":{"line":36,"column":4},"end":{"line":54,"column":null}},{"start":{"line":38,"column":15},"end":{"line":54,"column":null}}],"line":36},"4":{"loc":{"start":{"line":38,"column":15},"end":{"line":54,"column":null}},"type":"if","locations":[{"start":{"line":38,"column":15},"end":{"line":54,"column":null}},{"start":{},"end":{}}],"line":38},"5":{"loc":{"start":{"line":42,"column":6},"end":{"line":54,"column":null}},"type":"if","locations":[{"start":{"line":42,"column":6},"end":{"line":54,"column":null}},{"start":{},"end":{}}],"line":42},"6":{"loc":{"start":{"line":75,"column":6},"end":{"line":77,"column":null}},"type":"cond-expr","locations":[{"start":{"line":76,"column":10},"end":{"line":76,"column":null}},{"start":{"line":77,"column":10},"end":{"line":77,"column":null}}],"line":75}},"s":{"0":4,"1":4,"2":4,"3":0,"4":0,"5":0,"6":0,"7":0,"8":0,"9":0,"10":0,"11":0,"12":0,"13":0,"14":0,"15":0,"16":0,"17":0,"18":0,"19":0,"20":0,"21":0,"22":0,"23":0,"24":0,"25":0,"26":0,"27":0,"28":0,"29":0,"30":0},"f":{"0":0},"b":{"0":[4,0],"1":[0,0],"2":[0,0],"3":[0,0],"4":[0,0],"5":[0,0],"6":[0,0]},"meta":{"lastBranch":7,"lastFunction":1,"lastStatement":31,"seen":{"s:8:74:8:Infinity":0,"s:9:19:9:Infinity":1,"b:9:19:9:45:9:45:9:Infinity":0,"s:11:28:81:Infinity":2,"f:11:28:11:35":0,"s:12:17:12:Infinity":3,"s:13:19:13:Infinity":4,"s:14:15:14:Infinity":5,"s:16:2:81:Infinity":6,"s:17:22:17:55":7,"b:18:4:20:Infinity:undefined:undefined:undefined:undefined":1,"s:18:4:20:Infinity":8,"s:19:6:19:Infinity":9,"s:20:6:20:Infinity":10,"b:25:4:31:Infinity:undefined:undefined:undefined:undefined":2,"s:25:4:31:Infinity":11,"s:26:23:29:Infinity":12,"s:30:24:30:59":13,"s:31:6:31:Infinity":14,"s:34:29:34:Infinity":15,"b:36:4:54:Infinity:38:15:54:Infinity":3,"s:36:4:54:Infinity":16,"s:37:6:37:Infinity":17,"b:38:15:54:Infinity:undefined:undefined:undefined:undefined":4,"s:38:15:54:Infinity":18,"s:39:6:39:Infinity":19,"s:41:22:41:68":20,"b:42:6:54:Infinity:undefined:undefined:undefined:undefined":5,"s:42:6:54:Infinity":21,"s:43:8:54:Infinity":22,"s:58:25:62:Infinity":23,"s:64:21:64:65":24,"s:65:4:65:Infinity":25,"s:67:4:67:Infinity":26,"s:69:4:72:Infinity":27,"s:75:6:77:Infinity":28,"b:76:10:76:Infinity:77:10:77:Infinity":6,"s:79:4:79:Infinity":29,"s:81:4:81:Infinity":30}}}
,"S:\\startup\\2.MiAyuda\\MiAyudaTics_v1.0\\server\\controllers\\storage.ts": {"path":"S:\\startup\\2.MiAyuda\\MiAyudaTics_v1.0\\server\\controllers\\storage.ts","statementMap":{"0":{"start":{"line":7,"column":25},"end":{"line":7,"column":null}},"1":{"start":{"line":8,"column":19},"end":{"line":8,"column":null}},"2":{"start":{"line":9,"column":19},"end":{"line":9,"column":null}},"3":{"start":{"line":11,"column":29},"end":{"line":27,"column":null}},"4":{"start":{"line":12,"column":19},"end":{"line":12,"column":null}},"5":{"start":{"line":13,"column":2},"end":{"line":15,"column":null}},"6":{"start":{"line":14,"column":4},"end":{"line":14,"column":null}},"7":{"start":{"line":15,"column":4},"end":{"line":15,"column":null}},"8":{"start":{"line":18,"column":19},"end":{"line":21,"column":null}},"9":{"start":{"line":23,"column":2},"end":{"line":27,"column":null}},"10":{"start":{"line":24,"column":17},"end":{"line":24,"column":52}},"11":{"start":{"line":25,"column":4},"end":{"line":25,"column":null}},"12":{"start":{"line":27,"column":4},"end":{"line":27,"column":null}},"13":{"start":{"line":31,"column":26},"end":{"line":36,"column":null}},"14":{"start":{"line":32,"column":2},"end":{"line":36,"column":null}},"15":{"start":{"line":33,"column":17},"end":{"line":33,"column":44}},"16":{"start":{"line":34,"column":4},"end":{"line":34,"column":null}},"17":{"start":{"line":36,"column":4},"end":{"line":36,"column":null}},"18":{"start":{"line":40,"column":28},"end":{"line":50,"column":null}},"19":{"start":{"line":41,"column":13},"end":{"line":41,"column":null}},"20":{"start":{"line":42,"column":2},"end":{"line":50,"column":null}},"21":{"start":{"line":43,"column":17},"end":{"line":43,"column":48}},"22":{"start":{"line":44,"column":4},"end":{"line":46,"column":null}},"23":{"start":{"line":45,"column":6},"end":{"line":45,"column":null}},"24":{"start":{"line":46,"column":6},"end":{"line":46,"column":null}},"25":{"start":{"line":48,"column":4},"end":{"line":48,"column":null}},"26":{"start":{"line":50,"column":4},"end":{"line":50,"column":null}},"27":{"start":{"line":54,"column":29},"end":{"line":84,"column":null}},"28":{"start":{"line":55,"column":13},"end":{"line":55,"column":null}},"29":{"start":{"line":56,"column":19},"end":{"line":56,"column":null}},"30":{"start":{"line":57,"column":15},"end":{"line":57,"column":null}},"31":{"start":{"line":59,"column":2},"end":{"line":84,"column":null}},"32":{"start":{"line":60,"column":24},"end":{"line":60,"column":55}},"33":{"start":{"line":61,"column":4},"end":{"line":63,"column":null}},"34":{"start":{"line":62,"column":6},"end":{"line":62,"column":null}},"35":{"start":{"line":63,"column":6},"end":{"line":63,"column":null}},"36":{"start":{"line":66,"column":47},"end":{"line":66,"column":58}},"37":{"start":{"line":68,"column":4},"end":{"line":78,"column":null}},"38":{"start":{"line":69,"column":26},"end":{"line":69,"column":82}},"39":{"start":{"line":71,"column":6},"end":{"line":71,"column":null}},"40":{"start":{"line":72,"column":6},"end":{"line":72,"column":null}},"41":{"start":{"line":74,"column":6},"end":{"line":78,"column":null}},"42":{"start":{"line":75,"column":8},"end":{"line":76,"column":null}},"43":{"start":{"line":76,"column":10},"end":{"line":76,"column":null}},"44":{"start":{"line":81,"column":17},"end":{"line":81,"column":92}},"45":{"start":{"line":82,"column":4},"end":{"line":82,"column":null}},"46":{"start":{"line":84,"column":4},"end":{"line":84,"column":null}},"47":{"start":{"line":88,"column":29},"end":{"line":107,"column":null}},"48":{"start":{"line":89,"column":13},"end":{"line":89,"column":null}},"49":{"start":{"line":90,"column":2},"end":{"line":107,"column":null}},"50":{"start":{"line":91,"column":17},"end":{"line":91,"column":57}},"51":{"start":{"line":92,"column":4},"end":{"line":94,"column":null}},"52":{"start":{"line":93,"column":6},"end":{"line":93,"column":null}},"53":{"start":{"line":94,"column":6},"end":{"line":94,"column":null}},"54":{"start":{"line":97,"column":24},"end":{"line":97,"column":73}},"55":{"start":{"line":99,"column":4},"end":{"line":105,"column":null}},"56":{"start":{"line":100,"column":6},"end":{"line":102,"column":null}},"57":{"start":{"line":101,"column":8},"end":{"line":101,"column":null}},"58":{"start":{"line":102,"column":8},"end":{"line":102,"column":null}},"59":{"start":{"line":104,"column":6},"end":{"line":104,"column":null}},"60":{"start":{"line":107,"column":4},"end":{"line":107,"column":null}}},"fnMap":{"0":{"name":"(anonymous_0)","decl":{"start":{"line":11,"column":29},"end":{"line":11,"column":36}},"loc":{"start":{"line":11,"column":83},"end":{"line":27,"column":null}},"line":11},"1":{"name":"(anonymous_1)","decl":{"start":{"line":31,"column":26},"end":{"line":31,"column":33}},"loc":{"start":{"line":31,"column":81},"end":{"line":36,"column":null}},"line":31},"2":{"name":"(anonymous_2)","decl":{"start":{"line":40,"column":28},"end":{"line":40,"column":35}},"loc":{"start":{"line":40,"column":82},"end":{"line":50,"column":null}},"line":40},"3":{"name":"(anonymous_3)","decl":{"start":{"line":54,"column":29},"end":{"line":54,"column":36}},"loc":{"start":{"line":54,"column":83},"end":{"line":84,"column":null}},"line":54},"4":{"name":"(anonymous_4)","decl":{"start":{"line":74,"column":16},"end":{"line":74,"column":29}},"loc":{"start":{"line":74,"column":36},"end":{"line":78,"column":null}},"line":74},"5":{"name":"(anonymous_5)","decl":{"start":{"line":88,"column":29},"end":{"line":88,"column":36}},"loc":{"start":{"line":88,"column":83},"end":{"line":107,"column":null}},"line":88},"6":{"name":"(anonymous_6)","decl":{"start":{"line":99,"column":14},"end":{"line":99,"column":27}},"loc":{"start":{"line":99,"column":34},"end":{"line":105,"column":null}},"line":99}},"branchMap":{"0":{"loc":{"start":{"line":13,"column":2},"end":{"line":15,"column":null}},"type":"if","locations":[{"start":{"line":13,"column":2},"end":{"line":15,"column":null}},{"start":{},"end":{}}],"line":13},"1":{"loc":{"start":{"line":44,"column":4},"end":{"line":46,"column":null}},"type":"if","locations":[{"start":{"line":44,"column":4},"end":{"line":46,"column":null}},{"start":{},"end":{}}],"line":44},"2":{"loc":{"start":{"line":61,"column":4},"end":{"line":63,"column":null}},"type":"if","locations":[{"start":{"line":61,"column":4},"end":{"line":63,"column":null}},{"start":{},"end":{}}],"line":61},"3":{"loc":{"start":{"line":68,"column":4},"end":{"line":78,"column":null}},"type":"if","locations":[{"start":{"line":68,"column":4},"end":{"line":78,"column":null}},{"start":{},"end":{}}],"line":68},"4":{"loc":{"start":{"line":75,"column":8},"end":{"line":76,"column":null}},"type":"if","locations":[{"start":{"line":75,"column":8},"end":{"line":76,"column":null}},{"start":{},"end":{}}],"line":75},"5":{"loc":{"start":{"line":92,"column":4},"end":{"line":94,"column":null}},"type":"if","locations":[{"start":{"line":92,"column":4},"end":{"line":94,"column":null}},{"start":{},"end":{}}],"line":92},"6":{"loc":{"start":{"line":100,"column":6},"end":{"line":102,"column":null}},"type":"if","locations":[{"start":{"line":100,"column":6},"end":{"line":102,"column":null}},{"start":{},"end":{}}],"line":100}},"s":{"0":4,"1":4,"2":4,"3":4,"4":0,"5":0,"6":0,"7":0,"8":0,"9":0,"10":0,"11":0,"12":0,"13":4,"14":0,"15":0,"16":0,"17":0,"18":4,"19":0,"20":0,"21":0,"22":0,"23":0,"24":0,"25":0,"26":0,"27":4,"28":0,"29":0,"30":0,"31":0,"32":0,"33":0,"34":0,"35":0,"36":0,"37":0,"38":0,"39":0,"40":0,"41":0,"42":0,"43":0,"44":0,"45":0,"46":0,"47":4,"48":0,"49":0,"50":0,"51":0,"52":0,"53":0,"54":0,"55":0,"56":0,"57":0,"58":0,"59":0,"60":0},"f":{"0":0,"1":0,"2":0,"3":0,"4":0,"5":0,"6":0},"b":{"0":[0,0],"1":[0,0],"2":[0,0],"3":[0,0],"4":[0,0],"5":[0,0],"6":[0,0]},"meta":{"lastBranch":7,"lastFunction":7,"lastStatement":61,"seen":{"s:7:25:7:Infinity":0,"s:8:19:8:Infinity":1,"s:9:19:9:Infinity":2,"s:11:29:27:Infinity":3,"f:11:29:11:36":0,"s:12:19:12:Infinity":4,"b:13:2:15:Infinity:undefined:undefined:undefined:undefined":0,"s:13:2:15:Infinity":5,"s:14:4:14:Infinity":6,"s:15:4:15:Infinity":7,"s:18:19:21:Infinity":8,"s:23:2:27:Infinity":9,"s:24:17:24:52":10,"s:25:4:25:Infinity":11,"s:27:4:27:Infinity":12,"s:31:26:36:Infinity":13,"f:31:26:31:33":1,"s:32:2:36:Infinity":14,"s:33:17:33:44":15,"s:34:4:34:Infinity":16,"s:36:4:36:Infinity":17,"s:40:28:50:Infinity":18,"f:40:28:40:35":2,"s:41:13:41:Infinity":19,"s:42:2:50:Infinity":20,"s:43:17:43:48":21,"b:44:4:46:Infinity:undefined:undefined:undefined:undefined":1,"s:44:4:46:Infinity":22,"s:45:6:45:Infinity":23,"s:46:6:46:Infinity":24,"s:48:4:48:Infinity":25,"s:50:4:50:Infinity":26,"s:54:29:84:Infinity":27,"f:54:29:54:36":3,"s:55:13:55:Infinity":28,"s:56:19:56:Infinity":29,"s:57:15:57:Infinity":30,"s:59:2:84:Infinity":31,"s:60:24:60:55":32,"b:61:4:63:Infinity:undefined:undefined:undefined:undefined":2,"s:61:4:63:Infinity":33,"s:62:6:62:Infinity":34,"s:63:6:63:Infinity":35,"s:66:47:66:58":36,"b:68:4:78:Infinity:undefined:undefined:undefined:undefined":3,"s:68:4:78:Infinity":37,"s:69:26:69:82":38,"s:71:6:71:Infinity":39,"s:72:6:72:Infinity":40,"s:74:6:78:Infinity":41,"f:74:16:74:29":4,"b:75:8:76:Infinity:undefined:undefined:undefined:undefined":4,"s:75:8:76:Infinity":42,"s:76:10:76:Infinity":43,"s:81:17:81:92":44,"s:82:4:82:Infinity":45,"s:84:4:84:Infinity":46,"s:88:29:107:Infinity":47,"f:88:29:88:36":5,"s:89:13:89:Infinity":48,"s:90:2:107:Infinity":49,"s:91:17:91:57":50,"b:92:4:94:Infinity:undefined:undefined:undefined:undefined":5,"s:92:4:94:Infinity":51,"s:93:6:93:Infinity":52,"s:94:6:94:Infinity":53,"s:97:24:97:73":54,"s:99:4:105:Infinity":55,"f:99:14:99:27":6,"b:100:6:102:Infinity:undefined:undefined:undefined:undefined":6,"s:100:6:102:Infinity":56,"s:101:8:101:Infinity":57,"s:102:8:102:Infinity":58,"s:104:6:104:Infinity":59,"s:107:4:107:Infinity":60}}}
,"S:\\startup\\2.MiAyuda\\MiAyudaTics_v1.0\\server\\controllers\\tecnicos.ts": {"path":"S:\\startup\\2.MiAyuda\\MiAyudaTics_v1.0\\server\\controllers\\tecnicos.ts","statementMap":{"0":{"start":{"line":9,"column":55},"end":{"line":9,"column":null}},"1":{"start":{"line":20,"column":39},"end":{"line":32,"column":null}},"2":{"start":{"line":21,"column":2},"end":{"line":32,"column":null}},"3":{"start":{"line":22,"column":26},"end":{"line":24,"column":46}},"4":{"start":{"line":26,"column":4},"end":{"line":28,"column":null}},"5":{"start":{"line":27,"column":6},"end":{"line":27,"column":null}},"6":{"start":{"line":28,"column":6},"end":{"line":28,"column":null}},"7":{"start":{"line":30,"column":4},"end":{"line":30,"column":null}},"8":{"start":{"line":32,"column":4},"end":{"line":32,"column":null}},"9":{"start":{"line":36,"column":30},"end":{"line":62,"column":null}},"10":{"start":{"line":37,"column":13},"end":{"line":37,"column":null}},"11":{"start":{"line":38,"column":2},"end":{"line":62,"column":null}},"12":{"start":{"line":39,"column":20},"end":{"line":42,"column":null}},"13":{"start":{"line":44,"column":4},"end":{"line":46,"column":null}},"14":{"start":{"line":45,"column":6},"end":{"line":45,"column":null}},"15":{"start":{"line":46,"column":6},"end":{"line":46,"column":null}},"16":{"start":{"line":49,"column":4},"end":{"line":49,"column":null}},"17":{"start":{"line":51,"column":4},"end":{"line":60,"column":null}},"18":{"start":{"line":62,"column":4},"end":{"line":62,"column":null}},"19":{"start":{"line":66,"column":30},"end":{"line":105,"column":null}},"20":{"start":{"line":67,"column":13},"end":{"line":67,"column":null}},"21":{"start":{"line":68,"column":2},"end":{"line":105,"column":null}},"22":{"start":{"line":69,"column":20},"end":{"line":71,"column":83}},"23":{"start":{"line":73,"column":4},"end":{"line":75,"column":null}},"24":{"start":{"line":74,"column":6},"end":{"line":74,"column":null}},"25":{"start":{"line":75,"column":6},"end":{"line":75,"column":null}},"26":{"start":{"line":78,"column":4},"end":{"line":85,"column":null}},"27":{"start":{"line":79,"column":6},"end":{"line":79,"column":null}},"28":{"start":{"line":80,"column":26},"end":{"line":80,"column":83}},"29":{"start":{"line":81,"column":6},"end":{"line":85,"column":null}},"30":{"start":{"line":82,"column":8},"end":{"line":83,"column":null}},"31":{"start":{"line":83,"column":10},"end":{"line":83,"column":null}},"32":{"start":{"line":88,"column":4},"end":{"line":97,"column":null}},"33":{"start":{"line":99,"column":4},"end":{"line":99,"column":null}},"34":{"start":{"line":101,"column":4},"end":{"line":103,"column":null}},"35":{"start":{"line":105,"column":4},"end":{"line":105,"column":null}},"36":{"start":{"line":109,"column":38},"end":{"line":129,"column":null}},"37":{"start":{"line":110,"column":2},"end":{"line":129,"column":null}},"38":{"start":{"line":111,"column":21},"end":{"line":113,"column":38}},"39":{"start":{"line":115,"column":4},"end":{"line":119,"column":null}},"40":{"start":{"line":116,"column":6},"end":{"line":119,"column":null}},"41":{"start":{"line":122,"column":4},"end":{"line":124,"column":null}},"42":{"start":{"line":123,"column":6},"end":{"line":123,"column":null}},"43":{"start":{"line":124,"column":6},"end":{"line":124,"column":null}},"44":{"start":{"line":127,"column":4},"end":{"line":127,"column":null}},"45":{"start":{"line":129,"column":4},"end":{"line":129,"column":null}}},"fnMap":{"0":{"name":"(anonymous_0)","decl":{"start":{"line":20,"column":39},"end":{"line":20,"column":46}},"loc":{"start":{"line":20,"column":94},"end":{"line":32,"column":null}},"line":20},"1":{"name":"(anonymous_1)","decl":{"start":{"line":36,"column":30},"end":{"line":36,"column":37}},"loc":{"start":{"line":36,"column":84},"end":{"line":62,"column":null}},"line":36},"2":{"name":"(anonymous_2)","decl":{"start":{"line":66,"column":30},"end":{"line":66,"column":37}},"loc":{"start":{"line":66,"column":84},"end":{"line":105,"column":null}},"line":66},"3":{"name":"(anonymous_3)","decl":{"start":{"line":81,"column":16},"end":{"line":81,"column":29}},"loc":{"start":{"line":81,"column":36},"end":{"line":85,"column":null}},"line":81},"4":{"name":"(anonymous_4)","decl":{"start":{"line":109,"column":38},"end":{"line":109,"column":45}},"loc":{"start":{"line":109,"column":93},"end":{"line":129,"column":null}},"line":109}},"branchMap":{"0":{"loc":{"start":{"line":26,"column":4},"end":{"line":28,"column":null}},"type":"if","locations":[{"start":{"line":26,"column":4},"end":{"line":28,"column":null}},{"start":{},"end":{}}],"line":26},"1":{"loc":{"start":{"line":44,"column":4},"end":{"line":46,"column":null}},"type":"if","locations":[{"start":{"line":44,"column":4},"end":{"line":46,"column":null}},{"start":{},"end":{}}],"line":44},"2":{"loc":{"start":{"line":73,"column":4},"end":{"line":75,"column":null}},"type":"if","locations":[{"start":{"line":73,"column":4},"end":{"line":75,"column":null}},{"start":{},"end":{}}],"line":73},"3":{"loc":{"start":{"line":78,"column":4},"end":{"line":85,"column":null}},"type":"if","locations":[{"start":{"line":78,"column":4},"end":{"line":85,"column":null}},{"start":{},"end":{}}],"line":78},"4":{"loc":{"start":{"line":78,"column":8},"end":{"line":78,"column":75}},"type":"binary-expr","locations":[{"start":{"line":78,"column":8},"end":{"line":78,"column":24}},{"start":{"line":78,"column":24},"end":{"line":78,"column":75}}],"line":78},"5":{"loc":{"start":{"line":82,"column":8},"end":{"line":83,"column":null}},"type":"if","locations":[{"start":{"line":82,"column":8},"end":{"line":83,"column":null}},{"start":{},"end":{}}],"line":82},"6":{"loc":{"start":{"line":122,"column":4},"end":{"line":124,"column":null}},"type":"if","locations":[{"start":{"line":122,"column":4},"end":{"line":124,"column":null}},{"start":{},"end":{}}],"line":122},"7":{"loc":{"start":{"line":122,"column":8},"end":{"line":122,"column":44}},"type":"binary-expr","locations":[{"start":{"line":122,"column":8},"end":{"line":122,"column":21}},{"start":{"line":122,"column":21},"end":{"line":122,"column":44}}],"line":122}},"s":{"0":4,"1":4,"2":0,"3":0,"4":0,"5":0,"6":0,"7":0,"8":0,"9":4,"10":0,"11":0,"12":0,"13":0,"14":0,"15":0,"16":0,"17":0,"18":0,"19":4,"20":0,"21":0,"22":0,"23":0,"24":0,"25":0,"26":0,"27":0,"28":0,"29":0,"30":0,"31":0,"32":0,"33":0,"34":0,"35":0,"36":4,"37":0,"38":0,"39":0,"40":0,"41":0,"42":0,"43":0,"44":0,"45":0},"f":{"0":0,"1":0,"2":0,"3":0,"4":0},"b":{"0":[0,0],"1":[0,0],"2":[0,0],"3":[0,0],"4":[0,0],"5":[0,0],"6":[0,0],"7":[0,0]},"meta":{"lastBranch":8,"lastFunction":5,"lastStatement":46,"seen":{"s:9:55:9:Infinity":0,"s:20:39:32:Infinity":1,"f:20:39:20:46":0,"s:21:2:32:Infinity":2,"s:22:26:24:46":3,"b:26:4:28:Infinity:undefined:undefined:undefined:undefined":0,"s:26:4:28:Infinity":4,"s:27:6:27:Infinity":5,"s:28:6:28:Infinity":6,"s:30:4:30:Infinity":7,"s:32:4:32:Infinity":8,"s:36:30:62:Infinity":9,"f:36:30:36:37":1,"s:37:13:37:Infinity":10,"s:38:2:62:Infinity":11,"s:39:20:42:Infinity":12,"b:44:4:46:Infinity:undefined:undefined:undefined:undefined":1,"s:44:4:46:Infinity":13,"s:45:6:45:Infinity":14,"s:46:6:46:Infinity":15,"s:49:4:49:Infinity":16,"s:51:4:60:Infinity":17,"s:62:4:62:Infinity":18,"s:66:30:105:Infinity":19,"f:66:30:66:37":2,"s:67:13:67:Infinity":20,"s:68:2:105:Infinity":21,"s:69:20:71:83":22,"b:73:4:75:Infinity:undefined:undefined:undefined:undefined":2,"s:73:4:75:Infinity":23,"s:74:6:74:Infinity":24,"s:75:6:75:Infinity":25,"b:78:4:85:Infinity:undefined:undefined:undefined:undefined":3,"s:78:4:85:Infinity":26,"b:78:8:78:24:78:24:78:75":4,"s:79:6:79:Infinity":27,"s:80:26:80:83":28,"s:81:6:85:Infinity":29,"f:81:16:81:29":3,"b:82:8:83:Infinity:undefined:undefined:undefined:undefined":5,"s:82:8:83:Infinity":30,"s:83:10:83:Infinity":31,"s:88:4:97:Infinity":32,"s:99:4:99:Infinity":33,"s:101:4:103:Infinity":34,"s:105:4:105:Infinity":35,"s:109:38:129:Infinity":36,"f:109:38:109:45":4,"s:110:2:129:Infinity":37,"s:111:21:113:38":38,"s:115:4:119:Infinity":39,"s:116:6:119:Infinity":40,"b:122:4:124:Infinity:undefined:undefined:undefined:undefined":6,"s:122:4:124:Infinity":41,"b:122:8:122:21:122:21:122:44":7,"s:123:6:123:Infinity":42,"s:124:6:124:Infinity":43,"s:127:4:127:Infinity":44,"s:129:4:129:Infinity":45}}}
,"S:\\startup\\2.MiAyuda\\MiAyudaTics_v1.0\\server\\controllers\\tipoCaso.ts": {"path":"S:\\startup\\2.MiAyuda\\MiAyudaTics_v1.0\\server\\controllers\\tipoCaso.ts","statementMap":{"0":{"start":{"line":5,"column":26},"end":{"line":5,"column":null}},"1":{"start":{"line":7,"column":27},"end":{"line":12,"column":null}},"2":{"start":{"line":8,"column":2},"end":{"line":12,"column":null}},"3":{"start":{"line":9,"column":17},"end":{"line":9,"column":45}},"4":{"start":{"line":10,"column":4},"end":{"line":10,"column":null}},"5":{"start":{"line":12,"column":4},"end":{"line":12,"column":null}},"6":{"start":{"line":16,"column":29},"end":{"line":26,"column":null}},"7":{"start":{"line":17,"column":2},"end":{"line":26,"column":null}},"8":{"start":{"line":18,"column":19},"end":{"line":18,"column":null}},"9":{"start":{"line":19,"column":17},"end":{"line":19,"column":49}},"10":{"start":{"line":20,"column":4},"end":{"line":22,"column":null}},"11":{"start":{"line":21,"column":6},"end":{"line":21,"column":null}},"12":{"start":{"line":22,"column":6},"end":{"line":22,"column":null}},"13":{"start":{"line":24,"column":4},"end":{"line":24,"column":null}},"14":{"start":{"line":26,"column":4},"end":{"line":26,"column":null}},"15":{"start":{"line":30,"column":28},"end":{"line":36,"column":null}},"16":{"start":{"line":31,"column":19},"end":{"line":31,"column":null}},"17":{"start":{"line":32,"column":2},"end":{"line":36,"column":null}},"18":{"start":{"line":33,"column":17},"end":{"line":33,"column":49}},"19":{"start":{"line":34,"column":4},"end":{"line":34,"column":null}},"20":{"start":{"line":36,"column":4},"end":{"line":36,"column":null}},"21":{"start":{"line":40,"column":30},"end":{"line":48,"column":null}},"22":{"start":{"line":41,"column":13},"end":{"line":41,"column":null}},"23":{"start":{"line":42,"column":19},"end":{"line":42,"column":null}},"24":{"start":{"line":43,"column":2},"end":{"line":48,"column":null}},"25":{"start":{"line":44,"column":23},"end":{"line":44,"column":34}},"26":{"start":{"line":45,"column":17},"end":{"line":45,"column":93}},"27":{"start":{"line":46,"column":4},"end":{"line":46,"column":null}},"28":{"start":{"line":48,"column":4},"end":{"line":48,"column":null}},"29":{"start":{"line":52,"column":30},"end":{"line":62,"column":null}},"30":{"start":{"line":53,"column":13},"end":{"line":53,"column":null}},"31":{"start":{"line":54,"column":2},"end":{"line":62,"column":null}},"32":{"start":{"line":55,"column":17},"end":{"line":55,"column":67}},"33":{"start":{"line":56,"column":4},"end":{"line":58,"column":null}},"34":{"start":{"line":57,"column":6},"end":{"line":57,"column":null}},"35":{"start":{"line":58,"column":6},"end":{"line":58,"column":null}},"36":{"start":{"line":60,"column":4},"end":{"line":60,"column":null}},"37":{"start":{"line":62,"column":4},"end":{"line":62,"column":null}}},"fnMap":{"0":{"name":"(anonymous_0)","decl":{"start":{"line":7,"column":27},"end":{"line":7,"column":34}},"loc":{"start":{"line":7,"column":82},"end":{"line":12,"column":null}},"line":7},"1":{"name":"(anonymous_1)","decl":{"start":{"line":16,"column":29},"end":{"line":16,"column":36}},"loc":{"start":{"line":16,"column":83},"end":{"line":26,"column":null}},"line":16},"2":{"name":"(anonymous_2)","decl":{"start":{"line":30,"column":28},"end":{"line":30,"column":35}},"loc":{"start":{"line":30,"column":82},"end":{"line":36,"column":null}},"line":30},"3":{"name":"(anonymous_3)","decl":{"start":{"line":40,"column":30},"end":{"line":40,"column":37}},"loc":{"start":{"line":40,"column":84},"end":{"line":48,"column":null}},"line":40},"4":{"name":"(anonymous_4)","decl":{"start":{"line":52,"column":30},"end":{"line":52,"column":37}},"loc":{"start":{"line":52,"column":84},"end":{"line":62,"column":null}},"line":52}},"branchMap":{"0":{"loc":{"start":{"line":20,"column":4},"end":{"line":22,"column":null}},"type":"if","locations":[{"start":{"line":20,"column":4},"end":{"line":22,"column":null}},{"start":{},"end":{}}],"line":20},"1":{"loc":{"start":{"line":56,"column":4},"end":{"line":58,"column":null}},"type":"if","locations":[{"start":{"line":56,"column":4},"end":{"line":58,"column":null}},{"start":{},"end":{}}],"line":56}},"s":{"0":4,"1":4,"2":0,"3":0,"4":0,"5":0,"6":4,"7":0,"8":0,"9":0,"10":0,"11":0,"12":0,"13":0,"14":0,"15":4,"16":0,"17":0,"18":0,"19":0,"20":0,"21":4,"22":0,"23":0,"24":0,"25":0,"26":0,"27":0,"28":0,"29":4,"30":0,"31":0,"32":0,"33":0,"34":0,"35":0,"36":0,"37":0},"f":{"0":0,"1":0,"2":0,"3":0,"4":0},"b":{"0":[0,0],"1":[0,0]},"meta":{"lastBranch":2,"lastFunction":5,"lastStatement":38,"seen":{"s:5:26:5:Infinity":0,"s:7:27:12:Infinity":1,"f:7:27:7:34":0,"s:8:2:12:Infinity":2,"s:9:17:9:45":3,"s:10:4:10:Infinity":4,"s:12:4:12:Infinity":5,"s:16:29:26:Infinity":6,"f:16:29:16:36":1,"s:17:2:26:Infinity":7,"s:18:19:18:Infinity":8,"s:19:17:19:49":9,"b:20:4:22:Infinity:undefined:undefined:undefined:undefined":0,"s:20:4:22:Infinity":10,"s:21:6:21:Infinity":11,"s:22:6:22:Infinity":12,"s:24:4:24:Infinity":13,"s:26:4:26:Infinity":14,"s:30:28:36:Infinity":15,"f:30:28:30:35":2,"s:31:19:31:Infinity":16,"s:32:2:36:Infinity":17,"s:33:17:33:49":18,"s:34:4:34:Infinity":19,"s:36:4:36:Infinity":20,"s:40:30:48:Infinity":21,"f:40:30:40:37":3,"s:41:13:41:Infinity":22,"s:42:19:42:Infinity":23,"s:43:2:48:Infinity":24,"s:44:23:44:34":25,"s:45:17:45:93":26,"s:46:4:46:Infinity":27,"s:48:4:48:Infinity":28,"s:52:30:62:Infinity":29,"f:52:30:52:37":4,"s:53:13:53:Infinity":30,"s:54:2:62:Infinity":31,"s:55:17:55:67":32,"b:56:4:58:Infinity:undefined:undefined:undefined:undefined":1,"s:56:4:58:Infinity":33,"s:57:6:57:Infinity":34,"s:58:6:58:Infinity":35,"s:60:4:60:Infinity":36,"s:62:4:62:Infinity":37}}}
,"S:\\startup\\2.MiAyuda\\MiAyudaTics_v1.0\\server\\controllers\\usuarios.ts": {"path":"S:\\startup\\2.MiAyuda\\MiAyudaTics_v1.0\\server\\controllers\\usuarios.ts","statementMap":{"0":{"start":{"line":9,"column":39},"end":{"line":9,"column":null}},"1":{"start":{"line":10,"column":19},"end":{"line":10,"column":null}},"2":{"start":{"line":12,"column":27},"end":{"line":17,"column":null}},"3":{"start":{"line":13,"column":2},"end":{"line":17,"column":null}},"4":{"start":{"line":14,"column":17},"end":{"line":14,"column":61}},"5":{"start":{"line":15,"column":4},"end":{"line":15,"column":null}},"6":{"start":{"line":17,"column":4},"end":{"line":17,"column":null}},"7":{"start":{"line":21,"column":29},"end":{"line":31,"column":null}},"8":{"start":{"line":22,"column":2},"end":{"line":31,"column":null}},"9":{"start":{"line":23,"column":19},"end":{"line":23,"column":null}},"10":{"start":{"line":24,"column":17},"end":{"line":24,"column":65}},"11":{"start":{"line":25,"column":4},"end":{"line":27,"column":null}},"12":{"start":{"line":26,"column":6},"end":{"line":26,"column":null}},"13":{"start":{"line":27,"column":6},"end":{"line":27,"column":null}},"14":{"start":{"line":29,"column":4},"end":{"line":29,"column":null}},"15":{"start":{"line":31,"column":4},"end":{"line":31,"column":null}},"16":{"start":{"line":35,"column":32},"end":{"line":46,"column":null}},"17":{"start":{"line":36,"column":2},"end":{"line":46,"column":null}},"18":{"start":{"line":37,"column":19},"end":{"line":37,"column":null}},"19":{"start":{"line":38,"column":17},"end":{"line":38,"column":69}},"20":{"start":{"line":40,"column":4},"end":{"line":42,"column":null}},"21":{"start":{"line":41,"column":6},"end":{"line":41,"column":null}},"22":{"start":{"line":42,"column":6},"end":{"line":42,"column":null}},"23":{"start":{"line":44,"column":4},"end":{"line":44,"column":null}},"24":{"start":{"line":46,"column":4},"end":{"line":46,"column":null}},"25":{"start":{"line":50,"column":30},"end":{"line":102,"column":null}},"26":{"start":{"line":51,"column":17},"end":{"line":51,"column":null}},"27":{"start":{"line":52,"column":19},"end":{"line":52,"column":null}},"28":{"start":{"line":53,"column":15},"end":{"line":53,"column":null}},"29":{"start":{"line":55,"column":2},"end":{"line":102,"column":null}},"30":{"start":{"line":56,"column":4},"end":{"line":56,"column":null}},"31":{"start":{"line":57,"column":4},"end":{"line":57,"column":null}},"32":{"start":{"line":58,"column":4},"end":{"line":58,"column":null}},"33":{"start":{"line":60,"column":49},"end":{"line":60,"column":60}},"34":{"start":{"line":62,"column":17},"end":{"line":64,"column":14}},"35":{"start":{"line":66,"column":4},"end":{"line":68,"column":null}},"36":{"start":{"line":67,"column":6},"end":{"line":67,"column":null}},"37":{"start":{"line":68,"column":6},"end":{"line":68,"column":null}},"38":{"start":{"line":71,"column":4},"end":{"line":77,"column":null}},"39":{"start":{"line":72,"column":44},"end":{"line":72,"column":null}},"40":{"start":{"line":73,"column":6},"end":{"line":75,"column":null}},"41":{"start":{"line":74,"column":8},"end":{"line":74,"column":null}},"42":{"start":{"li
[...]
,"S:\\startup\\2.MiAyuda\\MiAyudaTics_v1.0\\server\\middleware\\customHeader.ts": {"path":"S:\\startup\\2.MiAyuda\\MiAyudaTics_v1.0\\server\\middleware\\customHeader.ts","statementMap":{"0":{"start":{"line":3,"column":13},"end":{"line":5,"column":null}},"1":{"start":{"line":4,"column":2},"end":{"line":4,"column":null}},"2":{"start":{"line":5,"column":2},"end":{"line":5,"column":null}}},"fnMap":{"0":{"name":"(anonymous_0)","decl":{"start":{"line":3,"column":13},"end":{"line":3,"column":29}},"loc":{"start":{"line":3,"column":88},"end":{"line":5,"column":null}},"line":3}},"branchMap":{},"s":{"0":0,"1":0,"2":0},"f":{"0":0},"b":{},"meta":{"lastBranch":0,"lastFunction":1,"lastStatement":3,"seen":{"s:3:13:5:Infinity":0,"f:3:13:3:29":0,"s:4:2:4:Infinity":1,"s:5:2:5:Infinity":2}}}
,"S:\\startup\\2.MiAyuda\\MiAyudaTics_v1.0\\server\\middleware\\rol.ts": {"path":"S:\\startup\\2.MiAyuda\\MiAyudaTics_v1.0\\server\\middleware\\rol.ts","statementMap":{"0":{"start":{"line":4,"column":13},"end":{"line":19,"column":null}},"1":{"start":{"line":4,"column":25},"end":{"line":19,"column":null}},"2":{"start":{"line":5,"column":2},"end":{"line":19,"column":null}},"3":{"start":{"line":6,"column":24},"end":{"line":6,"column":null}},"4":{"start":{"line":7,"column":4},"end":{"line":9,"column":null}},"5":{"start":{"line":8,"column":6},"end":{"line":8,"column":null}},"6":{"start":{"line":9,"column":6},"end":{"line":9,"column":null}},"7":{"start":{"line":12,"column":27},"end":{"line":12,"column":54}},"8":{"start":{"line":13,"column":4},"end":{"line":15,"column":null}},"9":{"start":{"line":14,"column":6},"end":{"line":14,"column":null}},"10":{"start":{"line":15,"column":6},"end":{"line":15,"column":null}},"11":{"start":{"line":17,"column":4},"end":{"line":17,"column":null}},"12":{"start":{"line":19,"column":4},"end":{"line":19,"column":null}}},"fnMap":{"0":{"name":"(anonymous_0)","decl":{"start":{"line":4,"column":13},"end":{"line":4,"column":25}},"loc":{"start":{"line":4,"column":25},"end":{"line":19,"column":null}},"line":4},"1":{"name":"(anonymous_1)","decl":{"start":{"line":4,"column":25},"end":{"line":4,"column":46}},"loc":{"start":{"line":4,"column":104},"end":{"line":19,"column":null}},"line":4}},"branchMap":{"0":{"loc":{"start":{"line":7,"column":4},"end":{"line":9,"column":null}},"type":"if","locations":[{"start":{"line":7,"column":4},"end":{"line":9,"column":null}},{"start":{},"end":{}}],"line":7},"1":{"loc":{"start":{"line":13,"column":4},"end":{"line":15,"column":null}},"type":"if","locations":[{"start":{"line":13,"column":4},"end":{"line":15,"column":null}},{"start":{},"end":{}}],"line":13}},"s":{"0":4,"1":112,"2":2,"3":2,"4":2,"5":0,"6":0,"7":2,"8":2,"9":1,"10":1,"11":1,"12":0},"f":{"0":112,"1":2},"b":{"0":[0,2],"1":[1,1]},"meta":{"lastBranch":2,"lastFunction":2,"lastStatement":13,"seen":{"s:4:13:19:Infinity":0,"f:4:13:4:25":0,"s:4:25:19:Infinity":1,"f:4:25:4:46":1,"s:5:2:19:Infinity":2,"s:6:24:6:Infinity":3,"b:7:4:9:Infinity:undefined:undefined:undefined:undefined":0,"s:7:4:9:Infinity":4,"s:8:6:8:Infinity":5,"s:9:6:9:Infinity":6,"s:12:27:12:54":7,"b:13:4:15:Infinity:undefined:undefined:undefined:undefined":1,"s:13:4:15:Infinity":8,"s:14:6:14:Infinity":9,"s:15:6:15:Infinity":10,"s:17:4:17:Infinity":11,"s:19:4:19:Infinity":12}}}
,"S:\\startup\\2.MiAyuda\\MiAyudaTics_v1.0\\server\\middleware\\session.ts": {"path":"S:\\startup\\2.MiAyuda\\MiAyudaTics_v1.0\\server\\middleware\\session.ts","statementMap":{"0":{"start":{"line":5,"column":25},"end":{"line":5,"column":null}},"1":{"start":{"line":7,"column":30},"end":{"line":33,"column":null}},"2":{"start":{"line":8,"column":2},"end":{"line":33,"column":null}},"3":{"start":{"line":9,"column":4},"end":{"line":11,"column":null}},"4":{"start":{"line":10,"column":6},"end":{"line":10,"column":null}},"5":{"start":{"line":11,"column":6},"end":{"line":11,"column":null}},"6":{"start":{"line":14,"column":18},"end":{"line":14,"column":60}},"7":{"start":{"line":15,"column":27},"end":{"line":15,"column":51}},"8":{"start":{"line":17,"column":4},"end":{"line":19,"column":null}},"9":{"start":{"line":18,"column":6},"end":{"line":18,"column":null}},"10":{"start":{"line":19,"column":6},"end":{"line":19,"column":null}},"11":{"start":{"line":22,"column":20},"end":{"line":22,"column":62}},"12":{"start":{"line":23,"column":4},"end":{"line":25,"column":null}},"13":{"start":{"line":24,"column":6},"end":{"line":24,"column":null}},"14":{"start":{"line":25,"column":6},"end":{"line":25,"column":null}},"15":{"start":{"line":27,"column":4},"end":{"line":27,"column":null}},"16":{"start":{"line":29,"column":4},"end":{"line":29,"column":null}},"17":{"start":{"line":31,"column":4},"end":{"line":31,"column":null}},"18":{"start":{"line":33,"column":4},"end":{"line":33,"column":null}}},"fnMap":{"0":{"name":"(anonymous_0)","decl":{"start":{"line":7,"column":30},"end":{"line":7,"column":37}},"loc":{"start":{"line":7,"column":104},"end":{"line":33,"column":null}},"line":7}},"branchMap":{"0":{"loc":{"start":{"line":9,"column":4},"end":{"line":11,"column":null}},"type":"if","locations":[{"start":{"line":9,"column":4},"end":{"line":11,"column":null}},{"start":{},"end":{}}],"line":9},"1":{"loc":{"start":{"line":17,"column":4},"end":{"line":19,"column":null}},"type":"if","locations":[{"start":{"line":17,"column":4},"end":{"line":19,"column":null}},{"start":{},"end":{}}],"line":17},"2":{"loc":{"start":{"line":23,"column":4},"end":{"line":25,"column":null}},"type":"if","locations":[{"start":{"line":23,"column":4},"end":{"line":25,"column":null}},{"start":{},"end":{}}],"line":23}},"s":{"0":4,"1":4,"2":4,"3":4,"4":1,"5":1,"6":3,"7":3,"8":3,"9":1,"10":1,"11":2,"12":2,"13":0,"14":0,"15":2,"16":2,"17":2,"18":0},"f":{"0":4},"b":{"0":[1,3],"1":[1,2],"2":[0,2]},"meta":{"lastBranch":3,"lastFunction":1,"lastStatement":19,"seen":{"s:5:25:5:Infinity":0,"s:7:30:33:Infinity":1,"f:7:30:7:37":0,"s:8:2:33:Infinity":2,"b:9:4:11:Infinity:undefined:undefined:undefined:undefined":0,"s:9:4:11:Infinity":3,"s:10:6:10:Infinity":4,"s:11:6:11:Infinity":5,"s:14:18:14:60":6,"s:15:27:15:51":7,"b:17:4:19:Infinity:undefined:undefined:undefined:undefined":1,"s:17:4:19:Infinity":8,"s:18:6:18:Infinity":9,"s:19:6:19:Infinity":10,"s:22:20:22:62":11,"b:23:4:25:Infinity:undefined:undefined:undefined:undefined":2,"s:23:4:25:Infinity":12,"s:24:6:24:Infinity":13,"s:25:6:25:Infinity":14,"s:27:4:27:Infinity":15,"s:29:4:29:Infinity":16,"s:31:4:31:Infinity":17,"s:33:4:33:Infinity":18}}}
,"S:\\startup\\2.MiAyuda\\MiAyudaTics_v1.0\\server\\routes\\ambienteFormacion.ts": {"path":"S:\\startup\\2.MiAyuda\\MiAyudaTics_v1.0\\server\\routes\\ambienteFormacion.ts","statementMap":{"0":{"start":{"line":12,"column":6},"end":{"line":12,"column":23}},"1":{"start":{"line":17,"column":0},"end":{"line":17,"column":null}},"2":{"start":{"line":18,"column":0},"end":{"line":18,"column":null}},"3":{"start":{"line":19,"column":0},"end":{"line":19,"column":null}},"4":{"start":{"line":20,"column":0},"end":{"line":20,"column":null}},"5":{"start":{"line":21,"column":0},"end":{"line":21,"column":null}}},"fnMap":{},"branchMap":{},"s":{"0":4,"1":4,"2":4,"3":4,"4":4,"5":4},"f":{},"b":{},"meta":{"lastBranch":0,"lastFunction":0,"lastStatement":6,"seen":{"s:12:6:12:23":0,"s:17:0:17:Infinity":1,"s:18:0:18:Infinity":2,"s:19:0:19:Infinity":3,"s:20:0:20:Infinity":4,"s:21:0:21:Infinity":5}}}
,"S:\\startup\\2.MiAyuda\\MiAyudaTics_v1.0\\server\\routes\\auth.ts": {"path":"S:\\startup\\2.MiAyuda\\MiAyudaTics_v1.0\\server\\routes\\auth.ts","statementMap":{"0":{"start":{"line":6,"column":6},"end":{"line":6,"column":23}},"1":{"start":{"line":12,"column":0},"end":{"line":12,"column":null}},"2":{"start":{"line":13,"column":0},"end":{"line":13,"column":null}},"3":{"start":{"line":14,"column":0},"end":{"line":14,"column":null}},"4":{"start":{"line":15,"column":0},"end":{"line":15,"column":null}}},"fnMap":{},"branchMap":{},"s":{"0":4,"1":4,"2":4,"3":4,"4":4},"f":{},"b":{},"meta":{"lastBranch":0,"lastFunction":0,"lastStatement":5,"seen":{"s:6:6:6:23":0,"s:12:0:12:Infinity":1,"s:13:0:13:Infinity":2,"s:14:0:14:Infinity":3,"s:15:0:15:Infinity":4}}}
,"S:\\startup\\2.MiAyuda\\MiAyudaTics_v1.0\\server\\routes\\graficaSolicitudesPorAmbiente.ts": {"path":"S:\\startup\\2.MiAyuda\\MiAyudaTics_v1.0\\server\\routes\\graficaSolicitudesPorAmbiente.ts","statementMap":{"0":{"start":{"line":4,"column":6},"end":{"line":4,"column":23}},"1":{"start":{"line":12,"column":0},"end":{"line":12,"column":null}}},"fnMap":{},"branchMap":{},"s":{"0":4,"1":4},"f":{},"b":{},"meta":{"lastBranch":0,"lastFunction":0,"lastStatement":2,"seen":{"s:4:6:4:23":0,"s:12:0:12:Infinity":1}}}
,"S:\\startup\\2.MiAyuda\\MiAyudaTics_v1.0\\server\\routes\\graficaSolicitudesPorMes.ts": {"path":"S:\\startup\\2.MiAyuda\\MiAyudaTics_v1.0\\server\\routes\\graficaSolicitudesPorMes.ts","statementMap":{"0":{"start":{"line":4,"column":6},"end":{"line":4,"column":23}},"1":{"start":{"line":12,"column":0},"end":{"line":12,"column":null}}},"fnMap":{},"branchMap":{},"s":{"0":4,"1":4},"f":{},"b":{},"meta":{"lastBranch":0,"lastFunction":0,"lastStatement":2,"seen":{"s:4:6:4:23":0,"s:12:0:12:Infinity":1}}}
,"S:\\startup\\2.MiAyuda\\MiAyudaTics_v1.0\\server\\routes\\index.ts": {"path":"S:\\startup\\2.MiAyuda\\MiAyudaTics_v1.0\\server\\routes\\index.ts","statementMap":{"0":{"start":{"line":5,"column":6},"end":{"line":5,"column":23}},"1":{"start":{"line":6,"column":20},"end":{"line":6,"column":null}},"2":{"start":{"line":8,"column":6},"end":{"line":9,"column":null}},"3":{"start":{"line":9,"column":2},"end":{"line":9,"column":null}},"4":{"start":{"line":13,"column":19},"end":{"line":37,"column":null}},"5":{"start":{"line":14,"column":16},"end":{"line":18,"column":null}},"6":{"start":{"line":15,"column":16},"end":{"line":15,"column":34}},"7":{"start":{"line":16,"column":17},"end":{"line":16,"column":38}},"8":{"start":{"line":17,"column":4},"end":{"line":17,"column":null}},"9":{"start":{"line":20,"column":2},"end":{"line":37,"column":null}},"10":{"start":{"line":21,"column":17},"end":{"line":21,"column":38}},"11":{"start":{"line":22,"column":4},"end":{"line":22,"column":null}},"12":{"start":{"line":23,"column":4},"end":{"line":37,"column":null}},"13":{"start":{"line":24,"column":21},"end":{"line":24,"column":null}},"14":{"start":{"line":25,"column":6},"end":{"line":25,"column":null}},"15":{"start":{"line":26,"column":20},"end":{"line":26,"column":null}},"16":{"start":{"line":28,"column":6},"end":{"line":34,"column":null}},"17":{"start":{"line":32,"column":8},"end":{"line":32,"column":null}},"18":{"start":{"line":34,"column":8},"end":{"line":34,"column":null}},"19":{"start":{"line":37,"column":6},"end":{"line":37,"column":null}},"20":{"start":{"line":43,"column":28},"end":{"line":43,"column":40}}},"fnMap":{"0":{"name":"(anonymous_0)","decl":{"start":{"line":8,"column":6},"end":{"line":8,"column":25}},"loc":{"start":{"line":8,"column":54},"end":{"line":9,"column":null}},"line":8},"1":{"name":"(anonymous_1)","decl":{"start":{"line":13,"column":19},"end":{"line":13,"column":46}},"loc":{"start":{"line":13,"column":46},"end":{"line":37,"column":null}},"line":13},"2":{"name":"(anonymous_2)","decl":{"start":{"line":14,"column":44},"end":{"line":14,"column":51}},"loc":{"start":{"line":14,"column":59},"end":{"line":18,"column":null}},"line":14}},"branchMap":{"0":{"loc":{"start":{"line":17,"column":11},"end":{"line":17,"column":null}},"type":"binary-expr","locations":[{"start":{"line":17,"column":11},"end":{"line":17,"column":28}},{"start":{"line":17,"column":28},"end":{"line":17,"column":null}}],"line":17},"1":{"loc":{"start":{"line":26,"column":20},"end":{"line":26,"column":null}},"type":"binary-expr","locations":[{"start":{"line":26,"column":20},"end":{"line":26,"column":38}},{"start":{"line":26,"column":38},"end":{"line":26,"column":null}}],"line":26},"2":{"loc":{"start":{"line":28,"column":6},"end":{"line":34,"column":null}},"type":"if","locations":[{"start":{"line":28,"column":6},"end":{"line":34,"column":null}},{"start":{"line":33,"column":13},"end":{"line":34,"column":null}}],"line":28},"3":{"loc":{"start":{"line":29,"column":8},"end":{"line":30,"column":null}},"type":"binary-expr","locations":[{"start":{"line":29,"column":8},"end":{"line":29,"column":null}},{"start":{"line":30,"column":9},"end":{"line":30,"column":38}},{"start":{"line":30,"column":38},"end":{"line":30,"column":null}}],"line":29}},"s":{"0":4,"1":4,"2":4,"3":100,"4":4,"5":4,"6":52,"7":52,"8":52,"9":4,"10":48,"11":48,"12":48,"13":48,"14":48,"15":48,"16":48,"17":48,"18":0,"19":0,"20":4},"f":{"0":100,"1":4,"2":52},"b":{"0":[52,52],"1":[48,0],"2":[48,0],"3":[48,0,0]},"meta":{"lastBranch":4,"lastFunction":3,"lastStatement":21,"seen":{"s:5:6:5:23":0,"s:6:20:6:Infinity":1,"s:8:6:9:Infinity":2,"f:8:6:8:25":0,"s:9:2:9:Infinity":3,"s:13:19:37:Infinity":4,"f:13:19:13:46":1,"s:14:16:18:Infinity":5,"f:14:44:14:51":2,"s:15:16:15:34":6,"s:16:17:16:38":7,"s:17:4:17:Infinity":8,"b:17:11:17:28:17:28:17:Infinity":0,"s:20:2:37:Infinity":9,"s:21:17:21:38":10,"s:22:4:22:Infinity":11,"s:23:4:37:Infinity":12,"s:24:21:24:Infinity":13,"s:25:6:25:Infinity":14,"s:26:20:26:Infinity":15,"b:26:20:26:38:26:38:26:Infinity":1,"b:28:6:34:Infinity:33:13:34:Infinity":2,"s:28:6:34:Infinity":16,"b:29:8:29:Infinity:30:9:30:38:30:38:30:Infinity":3,"s:32:8:32:Infinity":17,"s:34:8:34:Infinity":18,"s:37:6:37:Infinity":19,"s:43:28:43:40":20}}}
,"S:\\startup\\2.MiAyuda\\MiAyudaTics_v1.0\\server\\routes\\recuperarPassword.ts": {"path":"S:\\startup\\2.MiAyuda\\MiAyudaTics_v1.0\\server\\routes\\recuperarPassword.ts","statementMap":{"0":{"start":{"line":4,"column":6},"end":{"line":4,"column":23}},"1":{"start":{"line":7,"column":0},"end":{"line":7,"column":null}}},"fnMap":{},"branchMap":{},"s":{"0":4,"1":4},"f":{},"b":{},"meta":{"lastBranch":0,"lastFunction":0,"lastStatement":2,"seen":{"s:4:6:4:23":0,"s:7:0:7:Infinity":1}}}
,"S:\\startup\\2.MiAyuda\\MiAyudaTics_v1.0\\server\\routes\\restablecerPassword.ts": {"path":"S:\\startup\\2.MiAyuda\\MiAyudaTics_v1.0\\server\\routes\\restablecerPassword.ts","statementMap":{"0":{"start":{"line":5,"column":6},"end":{"line":5,"column":23}},"1":{"start":{"line":8,"column":0},"end":{"line":8,"column":null}}},"fnMap":{},"branchMap":{},"s":{"0":4,"1":4},"f":{},"b":{},"meta":{"lastBranch":0,"lastFunction":0,"lastStatement":2,"seen":{"s:5:6:5:23":0,"s:8:0:8:Infinity":1}}}
,"S:\\startup\\2.MiAyuda\\MiAyudaTics_v1.0\\server\\routes\\solicitud.ts": {"path":"S:\\startup\\2.MiAyuda\\MiAyudaTics_v1.0\\server\\routes\\solicitud.ts","statementMap":{"0":{"start":{"line":19,"column":6},"end":{"line":19,"column":23}},"1":{"start":{"line":22,"column":0},"end":{"line":22,"column":null}},"2":{"start":{"line":25,"column":0},"end":{"line":25,"column":null}},"3":{"start":{"line":28,"column":0},"end":{"line":28,"column":null}},"4":{"start":{"line":31,"column":0},"end":{"line":31,"column":null}},"5":{"start":{"line":34,"column":0},"end":{"line":34,"column":null}},"6":{"start":{"line":37,"column":0},"end":{"line":37,"column":null}},"7":{"start":{"line":40,"column":0},"end":{"line":47,"column":null}},"8":{"start":{"line":49,"column":0},"end":{"line":49,"column":null}},"9":{"start":{"line":50,"column":0},"end":{"line":50,"column":null}},"10":{"start":{"line":53,"column":0},"end":{"line":53,"column":null}}},"fnMap":{},"branchMap":{},"s":{"0":4,"1":4,"2":4,"3":4,"4":4,"5":4,"6":4,"7":4,"8":4,"9":4,"10":4},"f":{},"b":{},"meta":{"lastBranch":0,"lastFunction":0,"lastStatement":11,"seen":{"s:19:6:19:23":0,"s:22:0:22:Infinity":1,"s:25:0:25:Infinity":2,"s:28:0:28:Infinity":3,"s:31:0:31:Infinity":4,"s:34:0:34:Infinity":5,"s:37:0:37:Infinity":6,"s:40:0:47:Infinity":7,"s:49:0:49:Infinity":8,"s:50:0:50:Infinity":9,"s:53:0:53:Infinity":10}}}
,"S:\\startup\\2.MiAyuda\\MiAyudaTics_v1.0\\server\\routes\\solucionCaso.ts": {"path":"S:\\startup\\2.MiAyuda\\MiAyudaTics_v1.0\\server\\routes\\solucionCaso.ts","statementMap":{"0":{"start":{"line":7,"column":6},"end":{"line":7,"column":23}},"1":{"start":{"line":10,"column":0},"end":{"line":16,"column":null}}},"fnMap":{},"branchMap":{},"s":{"0":4,"1":4},"f":{},"b":{},"meta":{"lastBranch":0,"lastFunction":0,"lastStatement":2,"seen":{"s:7:6:7:23":0,"s:10:0:16:Infinity":1}}}
,"S:\\startup\\2.MiAyuda\\MiAyudaTics_v1.0\\server\\routes\\storage.ts": {"path":"S:\\startup\\2.MiAyuda\\MiAyudaTics_v1.0\\server\\routes\\storage.ts","statementMap":{"0":{"start":{"line":11,"column":6},"end":{"line":11,"column":23}},"1":{"start":{"line":15,"column":0},"end":{"line":15,"column":null}},"2":{"start":{"line":16,"column":0},"end":{"line":16,"column":null}},"3":{"start":{"line":17,"column":0},"end":{"line":17,"column":null}},"4":{"start":{"line":18,"column":0},"end":{"line":18,"column":null}},"5":{"start":{"line":19,"column":0},"end":{"line":19,"column":null}}},"fnMap":{},"branchMap":{},"s":{"0":4,"1":4,"2":4,"3":4,"4":4,"5":4},"f":{},"b":{},"meta":{"lastBranch":0,"lastFunction":0,"lastStatement":6,"seen":{"s:11:6:11:23":0,"s:15:0:15:Infinity":1,"s:16:0:16:Infinity":2,"s:17:0:17:Infinity":3,"s:18:0:18:Infinity":4,"s:19:0:19:Infinity":5}}}
,"S:\\startup\\2.MiAyuda\\MiAyudaTics_v1.0\\server\\routes\\tecnicos.ts": {"path":"S:\\startup\\2.MiAyuda\\MiAyudaTics_v1.0\\server\\routes\\tecnicos.ts","statementMap":{"0":{"start":{"line":11,"column":6},"end":{"line":11,"column":23}},"1":{"start":{"line":15,"column":0},"end":{"line":15,"column":null}},"2":{"start":{"line":16,"column":0},"end":{"line":16,"column":null}},"3":{"start":{"line":17,"column":0},"end":{"line":17,"column":null}},"4":{"start":{"line":18,"column":0},"end":{"line":18,"column":null}}},"fnMap":{},"branchMap":{},"s":{"0":4,"1":4,"2":4,"3":4,"4":4},"f":{},"b":{},"meta":{"lastBranch":0,"lastFunction":0,"lastStatement":5,"seen":{"s:11:6:11:23":0,"s:15:0:15:Infinity":1,"s:16:0:16:Infinity":2,"s:17:0:17:Infinity":3,"s:18:0:18:Infinity":4}}}
,"S:\\startup\\2.MiAyuda\\MiAyudaTics_v1.0\\server\\routes\\tipoCaso.ts": {"path":"S:\\startup\\2.MiAyuda\\MiAyudaTics_v1.0\\server\\routes\\tipoCaso.ts","statementMap":{"0":{"start":{"line":12,"column":6},"end":{"line":12,"column":23}},"1":{"start":{"line":16,"column":0},"end":{"line":16,"column":null}},"2":{"start":{"line":17,"column":0},"end":{"line":17,"column":null}},"3":{"start":{"line":18,"column":0},"end":{"line":18,"column":null}},"4":{"start":{"line":19,"column":0},"end":{"line":19,"column":null}},"5":{"start":{"line":20,"column":0},"end":{"line":20,"column":null}}},"fnMap":{},"branchMap":{},"s":{"0":4,"1":4,"2":4,"3":4,"4":4,"5":4},"f":{},"b":{},"meta":{"lastBranch":0,"lastFunction":0,"lastStatement":6,"seen":{"s:12:6:12:23":0,"s:16:0:16:Infinity":1,"s:17:0:17:Infinity":2,"s:18:0:18:Infinity":3,"s:19:0:19:Infinity":4,"s:20:0:20:Infinity":5}}}
,"S:\\startup\\2.MiAyuda\\MiAyudaTics_v1.0\\server\\routes\\usuarios.ts": {"path":"S:\\startup\\2.MiAyuda\\MiAyudaTics_v1.0\\server\\routes\\usuarios.ts","statementMap":{"0":{"start":{"line":17,"column":6},"end":{"line":17,"column":23}},"1":{"start":{"line":25,"column":0},"end":{"line":25,"column":null}},"2":{"start":{"line":26,"column":0},"end":{"line":31,"column":null}},"3":{"start":{"line":32,"column":0},"end":{"line":39,"column":null}},"4":{"start":{"line":40,"column":0},"end":{"line":40,"column":null}},"5":{"start":{"line":41,"column":0},"end":{"line":41,"column":null}},"6":{"start":{"line":42,"column":0},"end":{"line":42,"column":null}},"7":{"start":{"line":43,"column":0},"end":{"line":49,"column":null}},"8":{"start":{"line":50,"column":0},"end":{"line":56,"column":null}}},"fnMap":{},"branchMap":{},"s":{"0":4,"1":4,"2":4,"3":4,"4":4,"5":4,"6":4,"7":4,"8":4},"f":{},"b":{},"meta":{"lastBranch":0,"lastFunction":0,"lastStatement":9,"seen":{"s:17:6:17:23":0,"s:25:0:25:Infinity":1,"s:26:0:31:Infinity":2,"s:32:0:39:Infinity":3,"s:40:0:40:Infinity":4,"s:41:0:41:Infinity":5,"s:42:0:42:Infinity":6,"s:43:0:49:Infinity":7,"s:50:0:56:Infinity":8}}}
}
